@0: info: sequence seq0
@178: info: uart rxbyte 01110111   "w" 
@250: info: uart rxbyte 00110000   "0" 
@322: info: uart rxbyte 00110000   "0" 
@394: info: uart rxbyte 00110110   "6" 
@476: info: uart rxbyte 00101110   "." 
@560: info: uart rxbyte 01110111   "w" 
@644: info: uart rxbyte 00110101   "5" 
@728: info: uart rxbyte 00110000   "0" 
@812: info: uart rxbyte 00110001   "1" 
@896: info: uart rxbyte 00110010   "2" 
@980: info: uart rxbyte 00110011   "3" 
@1064: info: uart rxbyte 00110100   "4" 
@1148: info: uart rxbyte 00110000   "0" 
@1232: info: uart rxbyte 00110000   "0" 
@1316: info: uart rxbyte 00110000   "0" 
@1400: info: uart rxbyte 00110001   "1" 
@1484: info: uart rxbyte 00101110   "." 
@1568: info: uart rxbyte 01110111   "w" 
@1652: info: uart rxbyte 00110101   "5" 
@1736: info: uart rxbyte 00110000   "0" 
@1820: info: uart rxbyte 00110001   "1" 
@1904: info: uart rxbyte 00110010   "2" 
@1988: info: uart rxbyte 00110011   "3" 
@2072: info: uart rxbyte 00110100   "4" 
@2156: info: uart rxbyte 00110101   "5" 
@2240: info: uart rxbyte 00110110   "6" 
@2324: info: uart rxbyte 00110111   "7" 
@2408: info: uart rxbyte 00110010   "2" 
@2492: info: uart rxbyte 00101110   "." 
@2576: info: uart rxbyte 01110111   "w" 
@2660: info: uart rxbyte 00110101   "5" 
@2744: info: uart rxbyte 00110000   "0" 
@2828: info: uart rxbyte 00110001   "1" 
@2912: info: uart rxbyte 00110010   "2" 
@2996: info: uart rxbyte 00110011   "3" 
@3080: info: uart rxbyte 00110100   "4" 
@3164: info: uart rxbyte 00110101   "5" 
@3248: info: uart rxbyte 00110110   "6" 
@3332: info: uart rxbyte 00110111   "7" 
@3416: info: uart rxbyte 00110011   "3" 
@3500: info: uart rxbyte 00101110   "." 
@3584: info: uart rxbyte 01110111   "w" 
@3668: info: uart rxbyte 00110101   "5" 
@3752: info: uart rxbyte 00110000   "0" 
@3836: info: uart rxbyte 00110001   "1" 
@3920: info: uart rxbyte 00110010   "2" 
@4004: info: uart rxbyte 00110011   "3" 
@4088: info: uart rxbyte 00110100   "4" 
@4172: info: uart rxbyte 00110101   "5" 
@4256: info: uart rxbyte 00110110   "6" 
@4340: info: uart rxbyte 00110111   "7" 
@4424: info: uart rxbyte 00110100   "4" 
@4508: info: uart rxbyte 00101110   "." 
@4592: info: uart rxbyte 01110111   "w" 
@4676: info: uart rxbyte 00110101   "5" 
@4760: info: uart rxbyte 00110000   "0" 
@4844: info: uart rxbyte 00110001   "1" 
@4928: info: uart rxbyte 00110010   "2" 
@5012: info: uart rxbyte 00110011   "3" 
@5096: info: uart rxbyte 00110100   "4" 
@5180: info: uart rxbyte 00110101   "5" 
@5264: info: uart rxbyte 00110110   "6" 
@5348: info: uart rxbyte 00110111   "7" 
@5432: info: uart rxbyte 00110101   "5" 
@5516: info: uart rxbyte 00101110   "." 
@5600: info: uart rxbyte 01110111   "w" 
@5684: info: uart rxbyte 00110101   "5" 
@5768: info: uart rxbyte 00110000   "0" 
@5852: info: uart rxbyte 00110001   "1" 
@5936: info: uart rxbyte 00110010   "2" 
@6020: info: uart rxbyte 00110011   "3" 
@6104: info: uart rxbyte 00110100   "4" 
@6188: info: uart rxbyte 00110101   "5" 
@6272: info: uart rxbyte 00110110   "6" 
@6356: info: uart rxbyte 00110111   "7" 
@6440: info: uart rxbyte 00110110   "6" 
@6524: info: uart rxbyte 00101110   "." 
@6608: info: uart rxbyte 01110111   "w" 
@6692: info: uart rxbyte 00110101   "5" 
@6776: info: uart rxbyte 00110000   "0" 
@6860: info: uart rxbyte 00110001   "1" 
@6944: info: uart rxbyte 00110010   "2" 
@7028: info: uart rxbyte 00110011   "3" 
@7112: info: uart rxbyte 00110100   "4" 
@7196: info: uart rxbyte 00110101   "5" 
@7280: info: uart rxbyte 00110110   "6" 
@7364: info: uart rxbyte 00110111   "7" 
@7448: info: uart rxbyte 00110111   "7" 
@7532: info: uart rxbyte 00101110   "." 
@7616: info: uart rxbyte 01110111   "w" 
@7700: info: uart rxbyte 00110101   "5" 
@7784: info: uart rxbyte 00110000   "0" 
@7868: info: uart rxbyte 00110001   "1" 
@7952: info: uart rxbyte 00110010   "2" 
@8036: info: uart rxbyte 00110011   "3" 
@8120: info: uart rxbyte 00110100   "4" 
@8204: info: uart rxbyte 00110101   "5" 
@8288: info: uart rxbyte 00110110   "6" 
@8372: info: uart rxbyte 00110111   "7" 
@8456: info: uart rxbyte 00111000   "8" 
@8540: info: uart rxbyte 00101110   "." 
@8624: info: uart rxbyte 01110111   "w" 
@8708: info: uart rxbyte 00110100   "4" 
@8792: info: uart rxbyte 00111000   "8" 
@8876: info: uart rxbyte 00110001   "1" 
@8960: info: uart rxbyte 00101110   "." 
@9044: info: uart rxbyte 01110111   "w" 
@9128: info: uart rxbyte 00110011   "3" 
@9212: info: uart rxbyte 00110000   "0" 
@9296: info: uart rxbyte 00110100   "4" 
@9380: info: uart rxbyte 00101110   "." 
@9464: info: uart rxbyte 01110111   "w" 
@9548: info: uart rxbyte 00110011   "3" 
@9632: info: uart rxbyte 00110100   "4" 
@9716: info: uart rxbyte 00110010   "2" 
@9800: info: uart rxbyte 00101110   "." 
@9884: info: uart rxbyte 01110111   "w" 
@9968: info: uart rxbyte 00110011   "3" 
@10052: info: uart rxbyte 00111000   "8" 
@10136: info: uart rxbyte 00110010   "2" 
@10220: info: uart rxbyte 00110000   "0" 
@10304: info: uart rxbyte 00110000   "0" 
@10388: info: uart rxbyte 00110000   "0" 
@10472: info: uart rxbyte 00101110   "." 
@10556: info: uart rxbyte 01110111   "w" 
@10640: info: uart rxbyte 00110011   "3" 
@10724: info: uart rxbyte 01100011   "c" 
@10808: info: uart rxbyte 00110001   "1" 
@10892: info: uart rxbyte 00101110   "." 
@10976: info: uart rxbyte 01110111   "w" 
@11060: info: uart rxbyte 00110100   "4" 
@11144: info: uart rxbyte 00110000   "0" 
@11228: info: uart rxbyte 00110110   "6" 
@11312: info: uart rxbyte 00101110   "." 
@11396: info: uart rxbyte 01110111   "w" 
@11480: info: uart rxbyte 00110010   "2" 
@11564: info: uart rxbyte 01100011   "c" 
@11648: info: uart rxbyte 00110001   "1" 
@11664: info: axiSlave >>>awvalid 1 2000 6 4 2
@11671: info: axiSlave <<<<< wready=5 awlen=-1 
@11671: info: axiSlave write wstrb=f wid=4 wlast=0 wlen=6 awaddr=2000 burst=1 wdata=12340001
@11677: info: axiSlave <<<<< wready=5 awlen=5 
@11677: info: axiSlave write wstrb=f wid=4 wlast=0 wlen=5 awaddr=2004 burst=1 wdata=12345672
@11683: info: axiSlave <<<<< wready=5 awlen=4 
@11683: info: axiSlave write wstrb=f wid=4 wlast=0 wlen=4 awaddr=2008 burst=1 wdata=12345673
@11689: info: axiSlave <<<<< wready=5 awlen=3 
@11689: info: axiSlave write wstrb=f wid=4 wlast=0 wlen=3 awaddr=200c burst=1 wdata=12345674
@11695: info: axiSlave <<<<< wready=5 awlen=2 
@11695: info: axiSlave write wstrb=f wid=4 wlast=0 wlen=2 awaddr=2010 burst=1 wdata=12345675
@11701: info: axiSlave <<<<< wready=5 awlen=1 
@11701: info: axiSlave write wstrb=f wid=4 wlast=0 wlen=1 awaddr=2014 burst=1 wdata=12345676
@11707: info: axiSlave <<<<< wready=5 awlen=0 
@11707: info: axiSlave write wstrb=f wid=4 wlast=1 wlen=0 awaddr=2018 burst=1 wdata=12345677
@11732: info: uart rxbyte 00101110   "." 
@11816: info: uart rxbyte 01110111   "w" 
@11900: info: uart rxbyte 00110001   "1" 
@11984: info: uart rxbyte 00110000   "0" 
@12068: info: uart rxbyte 00110011   "3" 
@12152: info: uart rxbyte 00101110   "." 
@12229: info: uart rxbyte 01100010   "b" 
@12306: info: uart rxbyte 00110100   "4" 
@12383: info: uart rxbyte 00110100   "4" 
@12460: info: uart rxbyte 00001010   "
" 
@12537: info: uart rxbyte 01110111   "w" 
@12614: info: uart rxbyte 00110001   "1" 
@12691: info: uart rxbyte 00110100   "4" 
@12768: info: uart rxbyte 00110010   "2" 
@12845: info: uart rxbyte 00101110   "." 
@12922: info: uart rxbyte 01110111   "w" 
@12999: info: uart rxbyte 00110001   "1" 
@13076: info: uart rxbyte 00111000   "8" 
@13153: info: uart rxbyte 00110001   "1" 
@13230: info: uart rxbyte 00110000   "0" 
@13307: info: uart rxbyte 00110000   "0" 
@13384: info: uart rxbyte 00110000   "0" 
@13461: info: uart rxbyte 00101110   "." 
@13538: info: uart rxbyte 01110111   "w" 
@13615: info: uart rxbyte 00110001   "1" 
@13692: info: uart rxbyte 01100011   "c" 
@13769: info: uart rxbyte 00110001   "1" 
@13846: info: uart rxbyte 00101110   "." 
@13923: info: uart rxbyte 01110111   "w" 
@14000: info: uart rxbyte 00110010   "2" 
@14077: info: uart rxbyte 00110000   "0" 
@14154: info: uart rxbyte 00110111   "7" 
@14231: info: uart rxbyte 00101110   "." 
@14308: info: uart rxbyte 01110111   "w" 
@14385: info: uart rxbyte 00110000   "0" 
@14436: info: axiSlave taken from ram 0 bytes  rdata=3f3e3d3c3b3a39383736353433323130 addr=00001000
@14436: info: axiSlave taken from ram 0 bytes  rdata=4f4e4d4c4b4a49484746454443424140 addr=00001004
@14436: info: axiSlave taken from ram 0 bytes  rdata=5f5e5d5c5b5a59585756555453525150 addr=00001008
@14436: info: axiSlave taken from ram 0 bytes  rdata=6f6e6d6c6b6a69686766656463626160 addr=0000100c
@14436: info: axiSlave taken from ram 0 bytes  rdata=7f7e7d7c7b7a79787776757473727170 addr=00001010
@14436: info: axiSlave taken from ram 0 bytes  rdata=8f8e8d8c8b8a89888786858483828180 addr=00001014
@14436: info: axiSlave taken from ram 0 bytes  rdata=9f9e9d9c9b9a99989796959493929190 addr=00001018
@14436: info: axiSlave taken from ram 0 bytes  rdata=afaeadacabaaa9a8a7a6a5a4a3a2a1a0 addr=0000101c
@14436: info: axiSlave waitread 4
@14462: info: uart rxbyte 01100011   "c" 
@14539: info: uart rxbyte 00110001   "1" 
@14616: info: uart rxbyte 00101110   "." 
@14693: info: uart rxbyte 01110010   "r" 
@14770: info: uart rxbyte 00110000   "0" 
@14847: info: uart rxbyte 00110011   "3" 
@14924: info: uart rxbyte 00101110   "." 
@15001: info: uart rxbyte 00110011   "3" 
@15078: info: uart rxbyte 00110011   "3" 
@15155: info: uart rxbyte 00110011   "3" 
@15232: info: uart rxbyte 00110010   "2" 
@15309: info: uart rxbyte 00110011   "3" 
@15386: info: uart rxbyte 00110001   "1" 
@15463: info: uart rxbyte 00110011   "3" 
@15540: info: uart rxbyte 00110000   "0" 
@15617: info: uart rxbyte 00001010   "
" 
@15694: info: uart rxbyte 01110010   "r" 
@15771: info: uart rxbyte 00110000   "0" 
@15848: info: uart rxbyte 00110011   "3" 
@15925: info: uart rxbyte 00101110   "." 
@16002: info: uart rxbyte 00110100   "4" 
@16079: info: uart rxbyte 00110011   "3" 
@16156: info: uart rxbyte 00110100   "4" 
@16233: info: uart rxbyte 00110010   "2" 
@16310: info: uart rxbyte 00110100   "4" 
@16387: info: uart rxbyte 00110001   "1" 
@16464: info: uart rxbyte 00110100   "4" 
@16541: info: uart rxbyte 00110000   "0" 
@16618: info: uart rxbyte 00001010   "
" 
@16695: info: uart rxbyte 01110010   "r" 
@16772: info: uart rxbyte 00110000   "0" 
@16849: info: uart rxbyte 00110011   "3" 
@16926: info: uart rxbyte 00101110   "." 
@17003: info: uart rxbyte 00110101   "5" 
@17080: info: uart rxbyte 00110011   "3" 
@17157: info: uart rxbyte 00110101   "5" 
@17234: info: uart rxbyte 00110010   "2" 
@17311: info: uart rxbyte 00110101   "5" 
@17388: info: uart rxbyte 00110001   "1" 
@17465: info: uart rxbyte 00110101   "5" 
@17542: info: uart rxbyte 00110000   "0" 
@17619: info: uart rxbyte 00001010   "
" 
@17696: info: uart rxbyte 01110010   "r" 
@17773: info: uart rxbyte 00110000   "0" 
@17850: info: uart rxbyte 00110011   "3" 
@17927: info: uart rxbyte 00101110   "." 
@18004: info: uart rxbyte 00110110   "6" 
@18081: info: uart rxbyte 00110011   "3" 
@18158: info: uart rxbyte 00110110   "6" 
@18235: info: uart rxbyte 00110010   "2" 
@18312: info: uart rxbyte 00110110   "6" 
@18389: info: uart rxbyte 00110001   "1" 
@18466: info: uart rxbyte 00110110   "6" 
@18543: info: uart rxbyte 00110000   "0" 
@18620: info: uart rxbyte 00001010   "
" 
@18697: info: uart rxbyte 01110010   "r" 
@18774: info: uart rxbyte 00110000   "0" 
@18851: info: uart rxbyte 00110011   "3" 
@18928: info: uart rxbyte 00101110   "." 
@19005: info: uart rxbyte 00110111   "7" 
@19082: info: uart rxbyte 00110011   "3" 
@19159: info: uart rxbyte 00110111   "7" 
@19236: info: uart rxbyte 00110010   "2" 
@19313: info: uart rxbyte 00110111   "7" 
@19390: info: uart rxbyte 00110001   "1" 
@19467: info: uart rxbyte 00110111   "7" 
@19544: info: uart rxbyte 00110000   "0" 
@19621: info: uart rxbyte 00001010   "
" 
@19698: info: uart rxbyte 01110010   "r" 
@19775: info: uart rxbyte 00110000   "0" 
@19852: info: uart rxbyte 00110011   "3" 
@19929: info: uart rxbyte 00101110   "." 
@20006: info: uart rxbyte 00111000   "8" 
@20083: info: uart rxbyte 00110011   "3" 
@20160: info: uart rxbyte 00111000   "8" 
@20237: info: uart rxbyte 00110010   "2" 
@20314: info: uart rxbyte 00111000   "8" 
@20391: info: uart rxbyte 00110001   "1" 
@20468: info: uart rxbyte 00111000   "8" 
@20545: info: uart rxbyte 00110000   "0" 
@20622: info: uart rxbyte 00001010   "
" 
@20699: info: uart rxbyte 01110010   "r" 
@20776: info: uart rxbyte 00110000   "0" 
@20853: info: uart rxbyte 00110011   "3" 
@20930: info: uart rxbyte 00101110   "." 
@21007: info: uart rxbyte 00111001   "9" 
@21084: info: uart rxbyte 00110011   "3" 
@21161: info: uart rxbyte 00111001   "9" 
@21238: info: uart rxbyte 00110010   "2" 
@21315: info: uart rxbyte 00111001   "9" 
@21392: info: uart rxbyte 00110001   "1" 
@21469: info: uart rxbyte 00111001   "9" 
@21546: info: uart rxbyte 00110000   "0" 
@21623: info: uart rxbyte 00001010   "
" 
@21700: info: uart rxbyte 01110010   "r" 
@21777: info: uart rxbyte 00110100   "4" 
@21854: info: uart rxbyte 00110011   "3" 
@21931: info: uart rxbyte 00101110   "." 
@22008: info: uart rxbyte 01000001   "A" 
@22085: info: uart rxbyte 00110011   "3" 
@22162: info: uart rxbyte 01000001   "A" 
@22239: info: uart rxbyte 00110010   "2" 
@22316: info: uart rxbyte 01000001   "A" 
@22393: info: uart rxbyte 00110001   "1" 
@22470: info: uart rxbyte 01000001   "A" 
@22547: info: uart rxbyte 00110000   "0" 
@22624: info: uart rxbyte 00001010   "
" 
@30075: info: finishing on sequence
