@11: info: register change enables -1 -> 0
@11: info: register change start0 -1 -> 0
@11: info: register change start1 -1 -> 0
@11: info: register change start2 -1 -> 0
@11: info: register change jump0 -1 -> 0
@11: info: register change jump1 -1 -> 0
@11: info: register change jump2 -1 -> 0
@11: info: register change gain0 -1 -> 0
@11: info: register change gain1 -1 -> 0
@46008: info: register change start0 0 -> 100
@53157: info: register change start1 0 -> 500
@53164: info: register change start2 0 -> 1000
@53171: info: register change jump0 0 -> 10
@53178: info: register change jump1 0 -> 4
@53185: info: register change jump2 0 -> 17
@53192: info: register change gain0 0 -> 256
@53199: info: register change gain1 0 -> 512
@53213: info: register change enables 0 -> 1
@73426: info: register change gain0 256 -> 1536
@87219: info: register change jump0 10 -> 40
