('Expr', 109) [('clk', 'token', '63', '13')]
('Expr', 148) [('start1', 'token', '78', '19'), ('Width', 25)]
('Width', 7) [('[', '[', '18', '6'), ('Expr', 15), (':', ':', '18', '9'), ('Expr', 16), (']', ']', '18', '11')]
('CurlyItem', 20) [('Expr', 92)]
('CurlyItems', 22) [('CurlyItem', 22)]
('Expr', 119) [('0', 'number', '67', '21')]
('Width', 25) [('[', '[', '78', '20'), ('Expr', 146), (':', ':', '78', '23'), ('Expr', 147), (']', ']', '78', '25')]
('Header_list', 1) [('Header_item', 1)]
('Connection', 21) [('.', '.', '77', '6'), ('start0', 'token', '77', '12'), ('(', '(', '77', '13'), ('Expr', 145), (')', ')', '77', '26')]
('Expr', 89) [('15', 'number', '56', '33')]
('Header_item', 3) [('ExtDir', 3), ('Width', 1), ('paddr', 'token', '7', '22')]
('LSH', 13) [('addr1', 'token', '44', '17')]
('Expr', 42) [('jump0', 'token', '39', '34')]
('Conns_list', 6) [('Conns_list', 5), (',', ',', '52', '26'), ('Connection', 6)]
('Expr', 12) [('0', 'number', '16', '10')]
('Definition', 3) [('IntDir', 3), ('Width', 7), ('Tokens_list', 5), (';', ';', '18', '33')]
('Always', 1) [('always', 'always', '26', '6'), ('When', 1), ('Statement', 23)]
('IntDir', 6) [('reg', 'reg', '22', '3')]
('Expr', 22) [('0', 'number', '22', '9')]
('Expr', 5) [('31', 'number', '11', '14')]
('CurlyItems', 15) [('CurlyItem', 15)]
('Expr', 120) [('psize', 'token', '67', '17'), ('Width', 16)]
('Width', 18) [('[', '[', '71', '22'), ('Expr', 125), (':', ':', '71', '25'), ('Expr', 126), (']', ']', '71', '27')]
('ExtDir', 5) [('input', 'input', '9', '10')]
('Connection', 12) [('.', '.', '67', '6'), ('psize', 'token', '67', '11'), ('(', '(', '67', '12'), ('Expr', 120), (')', ')', '67', '23')]
('Expr', 66) [('CurlyList', 3)]
('Hparams', 1) []
('Statement', 23) [('begin', 'begin', '26', '44'), ('Statements', 16), ('end', 'end', '48', '3')]
('Conns_list', 1) [('Connection', 1)]
('Expr', 53) [('addr0', 'token', '50', '24')]
('IntDir', 9) [('wire', 'wire', '58', '4')]
('Definition', 4) [('IntDir', 4), ('Width', 8), ('Tokens_list', 8), (';', ';', '19', '30')]
('Statement', 9) [('LSH', 8), ('<=', 'sm_eq', '37', '20'), ('Expr', 39), (';', ';', '37', '28')]
('Instance', 3) [('sintab', 'token', '52', '6'), ('sin2', 'token', '52', '12'), ('(', '(', '52', '13'), ('Conns_list', 6), (')', ')', '52', '37'), (';', ';', '52', '38')]
('Expr', 31) [('0', 'number', '28', '16')]
('Tokens_list', 3) [('start2', 'token', '18', '32')]
('Expr', 134) [('10', 'number', '74', '20')]
('CurlyItems', 4) [('CurlyItems', 3), (',', ',', '54', '37'), ('CurlyItem', 4)]
('Expr', 97) [('CurlyList', 17)]
('BusBit', 6) [('[', '[', '56', '31'), ('Expr', 89), (']', ']', '56', '34')]
('Width', 11) [('[', '[', '54', '6'), ('Expr', 59), (':', ':', '54', '9'), ('Expr', 60), (']', ']', '54', '11')]
('Connection', 7) [('.', '.', '63', '6'), ('clk', 'token', '63', '9'), ('(', '(', '63', '10'), ('Expr', 109), (')', ')', '63', '14')]
('Expr', 75) [('15', 'number', '55', '33')]
('MainItem', 1) [('Module', 1)]
('CurlyList', 4) [('{', '{', '54', '48'), ('CurlyItems', 5), ('}', '}', '54', '58')]
('Conns_list', 8) [('Conns_list', 7), (',', ',', '63', '16'), ('Connection', 8)]
('LSH', 1) [('addr0', 'token', '28', '13')]
('Expr', 62) [('15', 'number', '54', '33')]
('Module_stuffs', 7) [('Mstuff', 10), ('Module_stuffs', 6)]
('Instance', 4) [('regfile', 'token', '62', '7'), ('regfile', 'token', '62', '15'), ('(', '(', '62', '17'), ('Conns_list', 23), (')', ')', '80', '1'), (';', ';', '80', '2')]
('Statements', 7) [('Statements', 6), ('Statement', 8)]
('Tokens_list', 10) [('sin1', 'token', '21', '21'), (',', ',', '21', '22'), ('Tokens_list', 9)]
('Expr', 143) [('10', 'number', '77', '22')]
('Mstuff', 1) [('Definition', 1)]
('Expr', 106) [('total', 'token', '58', '31'), ('Width', 13)]
('Expr', 145) [('start0', 'token', '77', '19'), ('Width', 24)]
('Width', 12) [('[', '[', '58', '6'), ('Expr', 102), (':', ':', '58', '9'), ('Expr', 103), (']', ']', '58', '11')]
('CurlyItem', 9) [('Expr', 76)]
('CurlyItems', 19) [('CurlyItem', 19)]
('Expr', 76) [('sin1', 'token', '55', '30'), ('BusBit', 4)]
('When', 1) [('@', '@', '26', '8'), ('(', '(', '26', '9'), ('When_items', 2), (')', ')', '26', '38')]
('Mstuff', 15) [('Instance', 4)]
('ExtDir', 9) [('output', 'output', '13', '11')]
('When_item', 2) [('negedge', 'negedge', '26', '31'), ('Expr', 28)]
('Expr', 86) [('Expr', 79), ('*', '*', '55', '43'), ('Expr', 85)]
('CurlyList', 17) [('{', '{', '56', '45'), ('CurlyItems', 22), ('}', '}', '56', '59')]
('Header_item', 6) [('ExtDir', 6), ('pwrite', 'token', '10', '17')]
('Conns_list', 19) [('Conns_list', 18), (',', ',', '75', '5'), ('Connection', 19)]
('LSH', 8) [('addr2', 'token', '37', '17')]
('Expr', 39) [('start2', 'token', '37', '27')]
('Module_stuffs', 12) [('Mstuff', 5), ('Module_stuffs', 11)]
('Statements', 14) [('Statements', 13), ('Statement', 17)]
('Tokens_list', 13) [('addr1', 'token', '22', '22'), (',', ',', '22', '23'), ('Tokens_list', 12)]
('Definition', 8) [('IntDir', 8), ('Width', 11), ('Tokens_list', 16), ('=', '=', '54', '19'), ('Expr', 101), (';', ';', '57', '21')]
('Mstuff', 6) [('Definition', 6)]
('Expr', 19) [('15', 'number', '21', '8')]
('Width', 5) [('[', '[', '13', '13'), ('Expr', 9), (':', ':', '13', '16'), ('Expr', 10), (']', ']', '13', '18')]
('CurlyItem', 22) [('Expr', 94), ('CurlyList', 16)]
('CurlyItems', 8) [('CurlyItems', 7), (',', ',', '54', '60'), ('CurlyItem', 8)]
('Expr', 117) [('psel', 'token', '66', '15')]
('Connection', 19) [('.', '.', '75', '6'), ('jump1', 'token', '75', '11'), ('(', '(', '75', '12'), ('Expr', 139), (')', ')', '75', '24')]
('Expr', 95) [('15', 'number', '56', '56')]
('Expr', 40) [('running', 'token', '38', '28')]
('Statement', 18) [('begin', 'begin', '42', '22'), ('Statements', 14), ('end', 'end', '46', '11')]
('Conns_list', 4) [('Conns_list', 3), (',', ',', '51', '26'), ('Connection', 4)]
('Expr', 50) [('0', 'number', '43', '20')]
('Definition', 1) [('IntDir', 1), ('Width', 6), ('Tokens_list', 1), (';', ';', '16', '20')]
('IntDir', 4) [('wire', 'wire', '19', '4')]
('Expr', 20) [('0', 'number', '21', '10')]
('Expr', 131) [('15', 'number', '73', '20')]
('CurlyItems', 1) [('CurlyItem', 1)]
('Expr', 126) [('0', 'number', '71', '26')]
('Width', 16) [('[', '[', '67', '18'), ('Expr', 118), (':', ':', '67', '20'), ('Expr', 119), (']', ']', '67', '22')]
('CurlyItem', 5) [('Expr', 69)]
('ExtDir', 7) [('input', 'input', '11', '10')]
('Statements', 6) [('Statement', 7)]
('Expr', 64) [('CurlyList', 2)]
('CurlyList', 3) [('{', '{', '54', '22'), ('CurlyItems', 4), ('}', '}', '54', '42')]
('Mstuff', 13) [('Definition', 9)]
('Header_list', 8) [('Header_list', 7), (',', ',', '12', '5'), ('Header_item', 8)]
('Connection', 10) [('.', '.', '65', '6'), ('prdata', 'token', '65', '12'), ('(', '(', '65', '13'), ('Expr', 116), (')', ')', '65', '26')]
('Statement', 21) [('begin', 'begin', '32', '18'), ('Statements', 15), ('end', 'end', '47', '7')]
('Conns_list', 15) [('Conns_list', 14), (',', ',', '71', '5'), ('Connection', 15)]
('Expr', 59) [('31', 'number', '54', '8')]
('When', 2) [('@', '@', '59', '8'), ('(', '(', '59', '9'), ('When_items', 3), (')', ')', '59', '21')]
('Statement', 15) [('LSH', 12), ('<=', 'sm_eq', '43', '19'), ('Expr', 50), (';', ';', '43', '21')]
('Instance', 1) [('sintab', 'token', '50', '6'), ('sin0', 'token', '50', '12'), ('(', '(', '50', '13'), ('Conns_list', 2), (')', ')', '50', '37'), (';', ';', '50', '38')]
('Expr', 29) [('rst_n', 'token', '27', '14')]
('Tokens_list', 1) [('enables', 'token', '16', '19')]
('When_items', 2) [('When_items', 1), ('Or_coma', 1), ('When_item', 2)]
('CurlyItems', 6) [('CurlyItem', 6)]
('Expr', 103) [('0', 'number', '58', '10')]
('BusBit', 4) [('[', '[', '55', '31'), ('Expr', 75), (']', ']', '55', '34')]
('Width', 9) [('[', '[', '21', '6'), ('Expr', 19), (':', ':', '21', '9'), ('Expr', 20), (']', ']', '21', '11')]
('CurlyItem', 2) [('Expr', 61), ('CurlyList', 1)]
('Connection', 5) [('.', '.', '52', '14'), ('addr', 'token', '52', '18'), ('(', '(', '52', '19'), ('Expr', 57), (')', ')', '52', '25')]
('Expr', 73) [('Expr', 66), ('*', '*', '54', '43'), ('Expr', 72)]
('CurlyList', 10) [('{', '{', '55', '48'), ('CurlyItems', 13), ('}', '}', '55', '58')]
('Expr', 83) [('CurlyList', 11)]
('Conns_list', 22) [('Conns_list', 21), (',', ',', '78', '5'), ('Connection', 22)]
('LSH', 7) [('addr1', 'token', '36', '17')]
('Expr', 60) [('0', 'number', '54', '10')]
('Module_stuffs', 9) [('Mstuff', 8), ('Module_stuffs', 8)]
('Statement', 6) [('LSH', 5), ('<=', 'sm_eq', '33', '18'), ('Expr', 35), (';', ';', '33', '24')]
('Expr', 14) [('enables', 'token', '17', '19'), ('BusBit', 1)]
('Expr', 6) [('0', 'number', '11', '16')]
('Tokens_list', 8) [('jump0', 'token', '19', '17'), (',', ',', '19', '18'), ('Tokens_list', 7)]
('Expr', 141) [('0', 'number', '76', '22')]
('Mstuff', 3) [('Definition', 3)]
('Expr', 104) [('31', 'number', '58', '34')]
('Expr', 151) [('start2', 'token', '79', '19'), ('Width', 26)]
('Width', 2) [('[', '[', '8', '12'), ('Expr', 3), (':', ':', '8', '14'), ('Expr', 4), (']', ']', '8', '16')]
('CurlyItem', 11) [('Expr', 77)]
('CurlyItems', 21) [('CurlyItem', 21)]
('Expr', 114) [('31', 'number', '65', '22')]
('CurlyList', 13) [('{', '{', '56', '26'), ('CurlyItems', 17), ('}', '}', '56', '35')]
('Header_list', 4) [('Header_list', 3), (',', ',', '8', '5'), ('Header_item', 4)]
('Statements', 4) [('Statements', 3), ('Statement', 4)]
('Expr', 84) [('gain1', 'token', '55', '65')]
('Conns_list', 17) [('Conns_list', 16), (',', ',', '73', '5'), ('Connection', 17)]
('LSH', 14) [('addr2', 'token', '45', '17')]
('Expr', 37) [('start0', 'token', '35', '27')]
('Module_stuffs', 14) [('Mstuff', 3), ('Module_stuffs', 13)]
('Expr', 15) [('10', 'number', '18', '8')]
('IntDir', 3) [('wire', 'wire', '18', '4')]
('Expr', 17) [('10', 'number', '19', '8')]
('CurlyItem', 16) [('Expr', 84)]
('CurlyItems', 10) [('CurlyItem', 10)]
('Header_list', 7) [('Header_list', 6), (',', ',', '11', '5'), ('Header_item', 7)]
('ExtDir', 2) [('input', 'input', '6', '19')]
('Connection', 17) [('.', '.', '73', '6'), ('gain1', 'token', '73', '11'), ('(', '(', '73', '12'), ('Expr', 133), (')', ')', '73', '24')]
('Expr', 93) [('CurlyList', 15)]
('Expr', 46) [('Expr', 44), ('+', '+', '40', '28'), ('Expr', 45)]
('Statement', 16) [('LSH', 13), ('<=', 'sm_eq', '44', '19'), ('Expr', 51), (';', ';', '44', '21')]
('Conns_list', 2) [('Conns_list', 1), (',', ',', '50', '26'), ('Connection', 2)]
('Expr', 48) [('jump2', 'token', '41', '34')]
('Definition', 7) [('IntDir', 7), ('Tokens_list', 15), ('=', '=', '24', '12'), ('Expr', 26), (';', ';', '24', '30')]
('Statement', 10) [('begin', 'begin', '34', '24'), ('Statements', 8), ('end', 'end', '38', '11')]
('Expr', 8) [('0', 'number', '12', '17')]
('Expr', 26) [('Expr', 23), ('&&', 'and_and', '24', '20'), ('Expr', 25)]
('Expr', 129) [('0', 'number', '72', '22')]
('CurlyItems', 3) [('CurlyItem', 3)]
('Expr', 124) [('pwrite', 'token', '69', '19')]
('Width', 22) [('[', '[', '75', '18'), ('Expr', 137), (':', ':', '75', '21'), ('Expr', 138), (']', ']', '75', '23')]
('CurlyItem', 7) [('Expr', 70)]
('Connection', 8) [('.', '.', '63', '17'), ('rst_n', 'token', '63', '22'), ('(', '(', '63', '23'), ('Expr', 110), (')', ')', '63', '29')]
('Expr', 70) [('CurlyList', 5)]
('CurlyList', 1) [('{', '{', '54', '26'), ('CurlyItems', 1), ('}', '}', '54', '35')]
('IntDir', 2) [('wire', 'wire', '17', '4')]
('Conns_list', 13) [('Conns_list', 12), (',', ',', '68', '5'), ('Connection', 13)]
('LSH', 2) [('addr1', 'token', '29', '13')]
('Expr', 57) [('addr2', 'token', '52', '24')]
('Module_stuffs', 2) [('Mstuff', 15), ('Module_stuffs', 1)]
('Expr', 132) [('0', 'number', '73', '22')]
('Statement', 13) [('LSH', 11), ('<=', 'sm_eq', '41', '20'), ('Expr', 49), (';', ';', '41', '35')]
('Expr', 3) [('1', 'number', '8', '13')]
('Tokens_list', 7) [('jump1', 'token', '19', '23'), (',', ',', '19', '24'), ('Tokens_list', 6)]
('Expr', 138) [('0', 'number', '75', '22')]
('Expr', 101) [('Expr', 87), ('+', '+', '56', '21'), ('Expr', 100)]
('BusBit', 2) [('[', '[', '54', '31'), ('Expr', 62), (']', ']', '54', '34')]
('Or_coma', 1) [('or', 'or', '26', '23')]
('Width', 15) [('[', '[', '65', '20'), ('Expr', 114), (':', ':', '65', '23'), ('Expr', 115), (']', ']', '65', '25')]
('CurlyItem', 12) [('Expr', 78)]
('Connection', 3) [('.', '.', '51', '14'), ('addr', 'token', '51', '18'), ('(', '(', '51', '19'), ('Expr', 55), (')', ')', '51', '25')]
('Expr', 79) [('CurlyList', 9)]
('CurlyList', 8) [('{', '{', '55', '23'), ('CurlyItems', 10), ('}', '}', '55', '36')]
('When_item', 1) [('posedge', 'posedge', '26', '16'), ('Expr', 27)]
('Expr', 81) [('15', 'number', '55', '56')]
('CurlyList', 18) [('{', '{', '56', '44'), ('CurlyItems', 24), ('}', '}', '56', '66')]
('Conns_list', 20) [('Conns_list', 19), (',', ',', '76', '5'), ('Connection', 20)]
('LSH', 5) [('running', 'token', '33', '15')]
('Expr', 34) [('0', 'number', '31', '20')]
('Module_stuffs', 11) [('Mstuff', 6), ('Module_stuffs', 10)]
('Statement', 4) [('LSH', 4), ('<=', 'sm_eq', '31', '18'), ('Expr', 34), (';', ';', '31', '21')]
('Statements', 3) [('Statements', 2), ('Statement', 3)]
('Tokens_list', 14) [('addr0', 'token', '22', '16'), (',', ',', '22', '17'), ('Tokens_list', 13)]
('Mstuff', 5) [('Definition', 5)]
('Statements', 13) [('Statements', 12), ('Statement', 16)]
('Expr', 110) [('rst_n', 'token', '63', '28')]
('Expr', 149) [('10', 'number', '79', '22')]
('CurlyItem', 21) [('Expr', 96)]
('CurlyItems', 23) [('CurlyItem', 23)]
('Expr', 112) [('0', 'number', '64', '21')]
('Width', 26) [('[', '[', '79', '20'), ('Expr', 149), (':', ':', '79', '23'), ('Expr', 150), (']', ']', '79', '25')]
('Header_list', 2) [('Header_list', 1), (',', ',', '6', '14'), ('Header_item', 2)]
('Connection', 20) [('.', '.', '76', '6'), ('jump2', 'token', '76', '11'), ('(', '(', '76', '12'), ('Expr', 142), (')', ')', '76', '24')]
('Expr', 90) [('sin2', 'token', '56', '30'), ('BusBit', 6)]
('Header_item', 2) [('ExtDir', 2), ('rst_n', 'token', '6', '25')]
('Statements', 11) [('Statements', 10), ('Statement', 13)]
('LSH', 12) [('addr0', 'token', '43', '17')]
('Expr', 43) [('Expr', 41), ('+', '+', '39', '28'), ('Expr', 42)]
('Expr', 13) [('0', 'number', '17', '21')]
('Tokens_list', 17) [('outmix_wire', 'token', '58', '23')]
('Connection', 16) [('.', '.', '72', '6'), ('gain0', 'token', '72', '11'), ('(', '(', '72', '12'), ('Expr', 130), (')', ')', '72', '24')]
('Always', 2) [('always', 'always', '59', '6'), ('When', 2), ('Statement', 24)]
('IntDir', 1) [('wire', 'wire', '16', '4')]
('Statements', 16) [('Statement', 22)]
('CurlyItem', 18) [('Expr', 88), ('CurlyList', 13)]
('CurlyItems', 12) [('CurlyItems', 11), (',', ',', '55', '37'), ('CurlyItem', 12)]
('Expr', 121) [('31', 'number', '68', '22')]
('Width', 19) [('[', '[', '72', '18'), ('Expr', 128), (':', ':', '72', '21'), ('Expr', 129), (']', ']', '72', '23')]
('ExtDir', 4) [('input', 'input', '8', '10')]
('Connection', 15) [('.', '.', '71', '6'), ('enables', 'token', '71', '13'), ('(', '(', '71', '14'), ('Expr', 127), (')', ')', '71', '28')]
('Expr', 67) [('16', 'number', '54', '47')]
('Header_item', 9) [('ExtDir', 9), ('Width', 5), ('outmix', 'token', '13', '25')]
('Expr', 44) [('addr1', 'token', '40', '26')]
('Statement', 22) [('if', 'if', '27', '6'), ('(', '(', '27', '8'), ('Expr', 30), (')', ')', '27', '15'), ('Statement', 5), ('else', 'else', '32', '12'), ('Statement', 21)]
('Expr', 54) [('sin0', 'token', '50', '35')]
('Definition', 5) [('IntDir', 5), ('Width', 9), ('Tokens_list', 11), (';', ';', '21', '27')]
('Statement', 8) [('LSH', 7), ('<=', 'sm_eq', '36', '20'), ('Expr', 38), (';', ';', '36', '28')]
('Expr', 24) [('running', 'token', '24', '29')]
('Tokens_list', 2) [('work', 'token', '17', '9')]
('When_items', 1) [('When_item', 1)]
('Expr', 4) [('0', 'number', '8', '15')]
('CurlyItems', 5) [('CurlyItem', 5)]
('Expr', 98) [('gain2', 'token', '56', '65')]
('BusBit', 7) [('[', '[', '56', '54'), ('Expr', 95), (']', ']', '56', '57')]
('Width', 20) [('[', '[', '73', '18'), ('Expr', 131), (':', ':', '73', '21'), ('Expr', 132), (']', ']', '73', '23')]
('CurlyItem', 1) [('Expr', 63)]
('Module', 1) [('module', 'module', '5', '6'), ('generator', 'token', '5', '16'), ('Hparams', 1), ('Header', 1), ('Module_stuffs', 16), ('endmodule', 'endmodule', '85', '9')]
('Connection', 6) [('.', '.', '52', '27'), ('out', 'token', '52', '30'), ('(', '(', '52', '31'), ('Expr', 58), (')', ')', '52', '36')]
('Expr', 68) [('15', 'number', '54', '56')]
('CurlyList', 7) [('{', '{', '55', '26'), ('CurlyItems', 9), ('}', '}', '55', '35')]
('Conns_list', 11) [('Conns_list', 10), (',', ',', '66', '5'), ('Connection', 11)]
('Expr', 63) [('sin0', 'token', '54', '30'), ('BusBit', 2)]
('Module_stuffs', 4) [('Mstuff', 13), ('Module_stuffs', 3)]
('Statement', 3) [('LSH', 3), ('<=', 'sm_eq', '30', '15'), ('Expr', 33), (';', ';', '30', '17')]
('Expr', 1) [('5', 'number', '7', '13')]
('Tokens_list', 5) [('start0', 'token', '18', '18'), (',', ',', '18', '19'), ('Tokens_list', 4)]
('Expr', 136) [('jump0', 'token', '74', '17'), ('Width', 21)]
('Expr', 107) [('clk', 'token', '59', '20')]
('Expr', 146) [('10', 'number', '78', '22')]
('Width', 13) [('[', '[', '58', '32'), ('Expr', 104), (':', ':', '58', '35'), ('Expr', 105), (']', ']', '58', '38')]
('CurlyItem', 14) [('Expr', 80), ('CurlyList', 10)]
('Connection', 1) [('.', '.', '50', '14'), ('addr', 'token', '50', '18'), ('(', '(', '50', '19'), ('Expr', 53), (')', ')', '50', '25')]
('CurlyItems', 16) [('CurlyItems', 15), (',', ',', '55', '60'), ('CurlyItem', 16)]
('Expr', 77) [('CurlyList', 8)]
('CurlyList', 14) [('{', '{', '56', '23'), ('CurlyItems', 18), ('}', '}', '56', '36')]
('ExtDir', 8) [('output', 'output', '12', '11')]
('When_item', 3) [('posedge', 'posedge', '59', '16'), ('Expr', 107)]
('Expr', 87) [('Expr', 73), ('+', '+', '55', '21'), ('Expr', 86)]
('CurlyList', 16) [('{', '{', '56', '48'), ('CurlyItems', 21), ('}', '}', '56', '58')]
('Header_item', 5) [('ExtDir', 5), ('psel', 'token', '9', '15')]
('Conns_list', 18) [('Conns_list', 17), (',', ',', '74', '5'), ('Connection', 18)]
('LSH', 11) [('addr2', 'token', '41', '17')]
('Expr', 32) [('0', 'number', '29', '16')]
('Module_stuffs', 13) [('Mstuff', 4), ('Module_stuffs', 12)]
('Expr', 10) [('0', 'number', '13', '17')]
('Tokens_list', 12) [('addr2', 'token', '22', '28')]
('Mains', 1) [('MainItem', 1)]
('Definition', 9) [('IntDir', 9), ('Width', 12), ('Tokens_list', 17), ('=', '=', '58', '25'), ('Expr', 106), (';', ';', '58', '39')]
('Mstuff', 7) [('Definition', 7)]
('Expr', 108) [('outmix_wire', 'token', '59', '43')]
('Width', 6) [('[', '[', '16', '6'), ('Expr', 11), (':', ':', '16', '9'), ('Expr', 12), (']', ']', '16', '11')]
('CurlyItem', 23) [('Expr', 97)]
('Statements', 1) [('Statement', 1)]
('CurlyItems', 9) [('CurlyItem', 9)]
('Expr', 118) [('1', 'number', '67', '19')]
('Width', 24) [('[', '[', '77', '20'), ('Expr', 143), (':', ':', '77', '23'), ('Expr', 144), (']', ']', '77', '25')]
('Mstuff', 14) [('Always', 2)]
('Connection', 18) [('.', '.', '74', '6'), ('jump0', 'token', '74', '11'), ('(', '(', '74', '12'), ('Expr', 136), (')', ')', '74', '24')]
('Expr', 88) [('16', 'number', '56', '25')]
('Main', 1) [('Mains', 1)]
('Expr', 41) [('addr0', 'token', '39', '26')]
('Conns_list', 7) [('Connection', 7)]
('Expr', 51) [('0', 'number', '44', '20')]
('IntDir', 8) [('wire', 'wire', '54', '4')]
('Definition', 2) [('IntDir', 2), ('Tokens_list', 2), ('=', '=', '17', '11'), ('Expr', 14), (';', ';', '17', '23')]
('IntDir', 7) [('wire', 'wire', '24', '4')]
('Connection', 22) [('.', '.', '78', '6'), ('start1', 'token', '78', '12'), ('(', '(', '78', '13'), ('Expr', 148), (')', ')', '78', '26')]
('Expr', 21) [('10', 'number', '22', '7')]
('CurlyItems', 14) [('CurlyItem', 14)]
('Expr', 127) [('enables', 'token', '71', '21'), ('Width', 18)]
('Width', 17) [('[', '[', '68', '20'), ('Expr', 121), (':', ':', '68', '23'), ('Expr', 122), (']', ']', '68', '25')]
('Header_list', 9) [('Header_list', 8), (',', ',', '13', '5'), ('Header_item', 9)]
('Connection', 13) [('.', '.', '68', '6'), ('pwdata', 'token', '68', '12'), ('(', '(', '68', '13'), ('Expr', 123), (')', ')', '68', '26')]
('Expr', 65) [('sin0', 'token', '54', '41')]
('CurlyList', 2) [('{', '{', '54', '23'), ('CurlyItems', 2), ('}', '}', '54', '36')]
('Statement', 20) [('if', 'if', '34', '10'), ('(', '(', '34', '12'), ('Expr', 36), (')', ')', '34', '18'), ('Statement', 10), ('else', 'else', '38', '16'), ('Statement', 19)]
('Conns_list', 14) [('Conns_list', 13), (',', ',', '69', '5'), ('Connection', 14)]
('Expr', 52) [('0', 'number', '45', '20')]
('Expr', 125) [('15', 'number', '71', '24')]
('Module_stuffs', 1) []
('Statement', 14) [('begin', 'begin', '38', '35'), ('Statements', 11), ('end', 'end', '42', '11')]
('Instance', 2) [('sintab', 'token', '51', '6'), ('sin1', 'token', '51', '12'), ('(', '(', '51', '13'), ('Conns_list', 4), (')', ')', '51', '37'), (';', ';', '51', '38')]
('Expr', 30) [('!', '!', '27', '9'), ('Expr', 29)]
('When_items', 3) [('When_item', 3)]
('CurlyItems', 7) [('CurlyItem', 7)]
('Expr', 96) [('gain2', 'token', '56', '53'), ('BusBit', 7)]
('BusBit', 5) [('[', '[', '55', '54'), ('Expr', 81), (']', ']', '55', '57')]
('Width', 10) [('[', '[', '22', '5'), ('Expr', 21), (':', ':', '22', '8'), ('Expr', 22), (']', ']', '22', '10')]
('CurlyItem', 3) [('Expr', 64)]
('Connection', 4) [('.', '.', '51', '27'), ('out', 'token', '51', '30'), ('(', '(', '51', '31'), ('Expr', 56), (')', ')', '51', '36')]
('ExtDir', 6) [('input', 'input', '10', '10')]
('Expr', 74) [('16', 'number', '55', '25')]
('CurlyList', 5) [('{', '{', '54', '45'), ('CurlyItems', 6), ('}', '}', '54', '59')]
('Mstuff', 12) [('Definition', 8)]
('Conns_list', 9) [('Conns_list', 8), (',', ',', '64', '5'), ('Connection', 9)]
('LSH', 6) [('addr0', 'token', '35', '17')]
('Expr', 61) [('16', 'number', '54', '25')]
('Module_stuffs', 6) [('Mstuff', 11), ('Module_stuffs', 5)]
('Statement', 1) [('LSH', 1), ('<=', 'sm_eq', '28', '15'), ('Expr', 31), (';', ';', '28', '17')]
('Expr', 7) [('31', 'number', '12', '15')]
('Tokens_list', 11) [('sin0', 'token', '21', '16'), (',', ',', '21', '17'), ('Tokens_list', 10)]
('Expr', 142) [('jump2', 'token', '76', '17'), ('Width', 23)]
('Expr', 105) [('16', 'number', '58', '37')]
('Expr', 144) [('0', 'number', '77', '24')]
('Width', 3) [('[', '[', '11', '12'), ('Expr', 5), (':', ':', '11', '15'), ('Expr', 6), (']', ']', '11', '17')]
('CurlyItem', 8) [('Expr', 71)]
('CurlyItems', 18) [('CurlyItem', 18)]
('Expr', 115) [('0', 'number', '65', '24')]
('CurlyList', 12) [('{', '{', '55', '44'), ('CurlyItems', 16), ('}', '}', '55', '66')]
('Header_list', 5) [('Header_list', 4), (',', ',', '9', '5'), ('Header_item', 5)]
('Expr', 85) [('CurlyList', 12)]
('Header_item', 7) [('ExtDir', 7), ('Width', 3), ('pwdata', 'token', '11', '24')]
('Conns_list', 16) [('Conns_list', 15), (',', ',', '72', '5'), ('Connection', 16)]
('LSH', 9) [('addr0', 'token', '39', '17')]
('Expr', 38) [('start1', 'token', '36', '27')]
('Module_stuffs', 15) [('Mstuff', 2), ('Module_stuffs', 14)]
('Statement', 24) [('LSH', 15), ('<=', 'sm_eq', '59', '31'), ('Expr', 108), (';', ';', '59', '44')]
('Statements', 10) [('Statements', 9), ('Statement', 12)]
('Statements', 15) [('Statements', 5), ('Statement', 20)]
('Mstuff', 9) [('Instance', 1)]
('Header', 1) [('(', '(', '5', '18'), ('Header_list', 9), (')', ')', '14', '1'), (';', ';', '14', '2')]
('Expr', 18) [('0', 'number', '19', '10')]
('Width', 4) [('[', '[', '12', '13'), ('Expr', 7), (':', ':', '12', '16'), ('Expr', 8), (']', ']', '12', '18')]
('CurlyItem', 17) [('Expr', 90)]
('CurlyItems', 11) [('CurlyItem', 11)]
('Expr', 116) [('prdata', 'token', '65', '19'), ('Width', 15)]
('ExtDir', 1) [('input', 'input', '6', '9')]
('Expr', 2) [('0', 'number', '7', '15')]
('Expr', 94) [('16', 'number', '56', '47')]
('Mstuff', 10) [('Instance', 2)]
('Expr', 47) [('addr2', 'token', '41', '26')]
('Statement', 19) [('if', 'if', '38', '19'), ('(', '(', '38', '21'), ('Expr', 40), (')', ')', '38', '29'), ('Statement', 14), ('else', 'else', '42', '16'), ('Statement', 18)]
('Conns_list', 5) [('Connection', 5)]
('Expr', 49) [('Expr', 47), ('+', '+', '41', '28'), ('Expr', 48)]
('CurlyList', 15) [('{', '{', '56', '22'), ('CurlyItems', 20), ('}', '}', '56', '42')]
('Expr', 23) [('work', 'token', '24', '17')]
('IntDir', 5) [('wire', 'wire', '21', '4')]
('Expr', 27) [('clk', 'token', '26', '20')]
('Expr', 130) [('gain0', 'token', '72', '17'), ('Width', 19)]
('Header_list', 6) [('Header_list', 5), (',', ',', '10', '5'), ('Header_item', 6)]
('Width', 23) [('[', '[', '76', '18'), ('Expr', 140), (':', ':', '76', '21'), ('Expr', 141), (']', ']', '76', '23')]
('CurlyItem', 4) [('Expr', 65)]
('Connection', 11) [('.', '.', '66', '6'), ('psel', 'token', '66', '10'), ('(', '(', '66', '11'), ('Expr', 117), (')', ')', '66', '16')]
('Expr', 71) [('gain0', 'token', '54', '65')]
('Conns_list', 12) [('Conns_list', 11), (',', ',', '67', '5'), ('Connection', 12)]
('Expr', 58) [('sin2', 'token', '52', '35')]
('Module_stuffs', 3) [('Mstuff', 14), ('Module_stuffs', 2)]
('Statement', 12) [('LSH', 10), ('<=', 'sm_eq', '40', '20'), ('Expr', 46), (';', ';', '40', '35')]
('Statements', 8) [('Statements', 7), ('Statement', 9)]
('Expr', 28) [('rst_n', 'token', '26', '37')]
('Tokens_list', 6) [('jump2', 'token', '19', '29')]
('Expr', 139) [('jump1', 'token', '75', '17'), ('Width', 22)]
('Expr', 102) [('15', 'number', '58', '8')]
('BusBit', 3) [('[', '[', '54', '54'), ('Expr', 68), (']', ']', '54', '57')]
('Width', 8) [('[', '[', '19', '6'), ('Expr', 17), (':', ':', '19', '9'), ('Expr', 18), (']', ']', '19', '11')]
('CurlyItem', 13) [('Expr', 82)]
('Connection', 2) [('.', '.', '50', '27'), ('out', 'token', '50', '30'), ('(', '(', '50', '31'), ('Expr', 54), (')', ')', '50', '36')]
('Expr', 72) [('CurlyList', 6)]
('CurlyList', 11) [('{', '{', '55', '45'), ('CurlyItems', 14), ('}', '}', '55', '59')]
('Expr', 82) [('gain1', 'token', '55', '53'), ('BusBit', 5)]
('Mstuff', 8) [('Always', 1)]
('Conns_list', 23) [('Conns_list', 22), (',', ',', '79', '5'), ('Connection', 23)]
('LSH', 4) [('running', 'token', '31', '15')]
('Expr', 35) [('work', 'token', '33', '23')]
('Module_stuffs', 8) [('Mstuff', 9), ('Module_stuffs', 7)]
('Statement', 7) [('LSH', 6), ('<=', 'sm_eq', '35', '20'), ('Expr', 37), (';', ';', '35', '28')]
('Statements', 2) [('Statements', 1), ('Statement', 2)]
('Tokens_list', 9) [('sin2', 'token', '21', '26')]
('Expr', 140) [('10', 'number', '76', '20')]
('Mstuff', 2) [('Definition', 2)]
('Expr', 111) [('5', 'number', '64', '19')]
('Expr', 150) [('0', 'number', '79', '24')]
('Width', 1) [('[', '[', '7', '12'), ('Expr', 1), (':', ':', '7', '14'), ('Expr', 2), (']', ']', '7', '16')]
('CurlyItem', 10) [('Expr', 74), ('CurlyList', 7)]
('CurlyItems', 20) [('CurlyItems', 19), (',', ',', '56', '37'), ('CurlyItem', 20)]
('Expr', 113) [('paddr', 'token', '64', '17'), ('Width', 14)]
('Header_list', 3) [('Header_list', 2), (',', ',', '7', '5'), ('Header_item', 3)]
('Connection', 23) [('.', '.', '79', '6'), ('start2', 'token', '79', '12'), ('(', '(', '79', '13'), ('Expr', 151), (')', ')', '79', '26')]
('Expr', 91) [('CurlyList', 14)]
('Header_item', 1) [('ExtDir', 1), ('clk', 'token', '6', '13')]
('LSH', 15) [('outmix', 'token', '59', '28')]
('Expr', 36) [('start', 'token', '34', '17')]
('Statements', 9) [('Statement', 11)]
('Tokens_list', 16) [('total', 'token', '54', '17')]
('Mstuff', 11) [('Instance', 3)]
('Expr', 9) [('15', 'number', '13', '15')]
('Expr', 16) [('0', 'number', '18', '10')]
('Expr', 123) [('pwdata', 'token', '68', '19'), ('Width', 17)]
('CurlyItem', 19) [('Expr', 91)]
('CurlyItems', 13) [('CurlyItem', 13)]
('Expr', 122) [('0', 'number', '68', '24')]
('ExtDir', 3) [('input', 'input', '7', '10')]
('Connection', 14) [('.', '.', '69', '6'), ('pwrite', 'token', '69', '12'), ('(', '(', '69', '13'), ('Expr', 124), (')', ')', '69', '20')]
('Expr', 92) [('sin2', 'token', '56', '41')]
('Header_item', 8) [('ExtDir', 8), ('Width', 4), ('prdata', 'token', '12', '25')]
('Expr', 45) [('jump1', 'token', '40', '34')]
('Statement', 17) [('LSH', 14), ('<=', 'sm_eq', '45', '19'), ('Expr', 52), (';', ';', '45', '21')]
('Conns_list', 3) [('Connection', 3)]
('Expr', 55) [('addr1', 'token', '51', '24')]
('Definition', 6) [('IntDir', 6), ('Width', 10), ('Tokens_list', 14), (';', ';', '22', '29')]
('Expr', 133) [('gain1', 'token', '73', '17'), ('Width', 20)]
('Statement', 11) [('LSH', 9), ('<=', 'sm_eq', '39', '20'), ('Expr', 43), (';', ';', '39', '35')]
('Expr', 25) [('!', '!', '24', '22'), ('Expr', 24)]
('Expr', 128) [('15', 'number', '72', '20')]
('CurlyItem', 24) [('Expr', 98)]
('CurlyItems', 2) [('CurlyItem', 2)]
('Expr', 99) [('CurlyList', 18)]
('Width', 21) [('[', '[', '74', '18'), ('Expr', 134), (':', ':', '74', '21'), ('Expr', 135), (']', ']', '74', '23')]
('CurlyItem', 6) [('Expr', 67), ('CurlyList', 4)]
('Connection', 9) [('.', '.', '64', '6'), ('paddr', 'token', '64', '11'), ('(', '(', '64', '12'), ('Expr', 113), (')', ')', '64', '23')]
('CurlyItems', 24) [('CurlyItems', 23), (',', ',', '56', '60'), ('CurlyItem', 24)]
('Expr', 69) [('gain0', 'token', '54', '53'), ('BusBit', 3)]
('CurlyList', 6) [('{', '{', '54', '44'), ('CurlyItems', 8), ('}', '}', '54', '66')]
('Conns_list', 10) [('Conns_list', 9), (',', ',', '65', '5'), ('Connection', 10)]
('LSH', 3) [('addr2', 'token', '30', '13')]
('Expr', 56) [('sin1', 'token', '51', '35')]
('Module_stuffs', 5) [('Mstuff', 12), ('Module_stuffs', 4)]
('Statement', 2) [('LSH', 2), ('<=', 'sm_eq', '29', '15'), ('Expr', 32), (';', ';', '29', '17')]
('Statements', 5) [('Statement', 6)]
('Tokens_list', 4) [('start1', 'token', '18', '25'), (',', ',', '18', '26'), ('Tokens_list', 3)]
('Expr', 137) [('10', 'number', '75', '20')]
('Expr', 11) [('15', 'number', '16', '8')]
('Expr', 100) [('Expr', 93), ('*', '*', '56', '43'), ('Expr', 99)]
('BusBit', 1) [('[', '[', '17', '20'), ('Expr', 13), (']', ']', '17', '22')]
('Expr', 147) [('0', 'number', '78', '24')]
('Width', 14) [('[', '[', '64', '18'), ('Expr', 111), (':', ':', '64', '20'), ('Expr', 112), (']', ']', '64', '22')]
('CurlyItem', 15) [('Expr', 83)]
('CurlyItems', 17) [('CurlyItem', 17)]
('Expr', 78) [('sin1', 'token', '55', '41')]
('CurlyList', 9) [('{', '{', '55', '22'), ('CurlyItems', 12), ('}', '}', '55', '42')]
('Expr', 80) [('16', 'number', '55', '47')]
('Header_item', 4) [('ExtDir', 4), ('Width', 2), ('psize', 'token', '8', '22')]
('Conns_list', 21) [('Conns_list', 20), (',', ',', '77', '5'), ('Connection', 21)]
('LSH', 10) [('addr1', 'token', '40', '17')]
('Expr', 33) [('0', 'number', '30', '16')]
('Module_stuffs', 10) [('Mstuff', 7), ('Module_stuffs', 9)]
('Statement', 5) [('begin', 'begin', '27', '21'), ('Statements', 4), ('end', 'end', '32', '7')]
('Statements', 12) [('Statement', 15)]
('Tokens_list', 15) [('start', 'token', '24', '10')]
('Module_stuffs', 16) [('Mstuff', 1), ('Module_stuffs', 15)]
('Expr', 135) [('0', 'number', '74', '22')]
('Mstuff', 4) [('Definition', 4)]
