@11: info: register change enables -1 -> 0
@11: info: register change start0 -1 -> 0
@11: info: register change start1 -1 -> 0
@11: info: register change start2 -1 -> 0
@11: info: register change jump0 -1 -> 0
@11: info: register change jump1 -1 -> 0
@11: info: register change jump2 -1 -> 0
@11: info: register change gain0 -1 -> 0
@11: info: register change gain1 -1 -> 0
@13: 1 vs 0 CORRECT: exp=0 dout=0
@14: 2 vs 0 CORRECT: exp=0 dout=0
@15: 3 vs 0 CORRECT: exp=0 dout=0
@16: 4 vs 0 CORRECT: exp=0 dout=0
@17: 5 vs 0 CORRECT: exp=0 dout=0
@18: 6 vs 0 CORRECT: exp=0 dout=0
@19: 7 vs 0 CORRECT: exp=0 dout=0
@20: 8 vs 0 CORRECT: exp=0 dout=0
@21: 9 vs 0 CORRECT: exp=0 dout=0
@22: 10 vs 0 CORRECT: exp=0 dout=0
@23: 11 vs 0 CORRECT: exp=0 dout=0
@24: 12 vs 0 CORRECT: exp=0 dout=0
@25: 13 vs 0 CORRECT: exp=0 dout=0
@26: 14 vs 0 CORRECT: exp=0 dout=0
@27: 15 vs 0 CORRECT: exp=0 dout=0
@28: 16 vs 0 CORRECT: exp=0 dout=0
@29: 17 vs 0 CORRECT: exp=0 dout=0
@30: 18 vs 0 CORRECT: exp=0 dout=0
@31: 19 vs 0 CORRECT: exp=0 dout=0
@32: 20 vs 0 CORRECT: exp=0 dout=0
@33: 21 vs 0 CORRECT: exp=0 dout=0
@34: 22 vs 0 CORRECT: exp=0 dout=0
@35: 23 vs 0 CORRECT: exp=0 dout=0
@36: info: register change start0 0 -> 100
@36: 24 vs 0 CORRECT: exp=0 dout=0
@37: 25 vs 0 CORRECT: exp=0 dout=0
@38: 26 vs 0 CORRECT: exp=0 dout=0
@39: 27 vs 0 CORRECT: exp=0 dout=0
@40: 28 vs 0 CORRECT: exp=0 dout=0
@41: 29 vs 0 CORRECT: exp=0 dout=0
@42: 30 vs 0 CORRECT: exp=0 dout=0
@43: info: register change start1 0 -> 500
@43: 31 vs 0 CORRECT: exp=0 dout=0
@44: 32 vs 0 CORRECT: exp=0 dout=0
@45: 33 vs 0 CORRECT: exp=0 dout=0
@46: 34 vs 0 CORRECT: exp=0 dout=0
@47: 35 vs 0 CORRECT: exp=0 dout=0
@48: 36 vs 0 CORRECT: exp=0 dout=0
@49: 37 vs 0 CORRECT: exp=0 dout=0
@50: info: register change start2 0 -> 1000
@50: 38 vs 0 CORRECT: exp=0 dout=0
@51: 39 vs 0 CORRECT: exp=0 dout=0
@52: 40 vs 0 CORRECT: exp=0 dout=0
@53: 41 vs 0 CORRECT: exp=0 dout=0
@54: 42 vs 0 CORRECT: exp=0 dout=0
@55: 43 vs 0 CORRECT: exp=0 dout=0
@56: 44 vs 0 CORRECT: exp=0 dout=0
@57: info: register change jump0 0 -> 10
@57: 45 vs 0 CORRECT: exp=0 dout=0
@58: 46 vs 0 CORRECT: exp=0 dout=0
@59: 47 vs 0 CORRECT: exp=0 dout=0
@60: 48 vs 0 CORRECT: exp=0 dout=0
@61: 49 vs 0 CORRECT: exp=0 dout=0
@62: 50 vs 0 CORRECT: exp=0 dout=0
@63: 51 vs 0 CORRECT: exp=0 dout=0
@64: info: register change jump1 0 -> 4
@64: 52 vs 0 CORRECT: exp=0 dout=0
@65: 53 vs 0 CORRECT: exp=0 dout=0
@66: 54 vs 0 CORRECT: exp=0 dout=0
@67: 55 vs 0 CORRECT: exp=0 dout=0
@68: 56 vs 0 CORRECT: exp=0 dout=0
@69: 57 vs 0 CORRECT: exp=0 dout=0
@70: 58 vs 0 CORRECT: exp=0 dout=0
@71: info: register change jump2 0 -> 17
@71: 59 vs 0 CORRECT: exp=0 dout=0
@72: 60 vs 0 CORRECT: exp=0 dout=0
@73: 61 vs 0 CORRECT: exp=0 dout=0
@74: 62 vs 0 CORRECT: exp=0 dout=0
@75: 63 vs 0 CORRECT: exp=0 dout=0
@76: 64 vs 0 CORRECT: exp=0 dout=0
@77: 65 vs 0 CORRECT: exp=0 dout=0
@78: info: register change gain0 0 -> 256
@78: 66 vs 0 CORRECT: exp=0 dout=0
@79: 67 vs 0 CORRECT: exp=0 dout=0
@80: 68 vs 0 CORRECT: exp=0 dout=0
@81: 69 vs 0 CORRECT: exp=0 dout=0
@82: 70 vs 0 CORRECT: exp=0 dout=0
@83: 71 vs 0 CORRECT: exp=0 dout=0
@84: 72 vs 0 CORRECT: exp=0 dout=0
@85: info: register change gain1 0 -> 512
@85: 73 vs 0 CORRECT: exp=0 dout=0
@86: 74 vs 0 CORRECT: exp=0 dout=0
@87: 75 vs 0 CORRECT: exp=0 dout=0
@88: 76 vs 0 CORRECT: exp=0 dout=0
@89: 77 vs 0 CORRECT: exp=0 dout=0
@90: 78 vs 0 CORRECT: exp=0 dout=0
@91: 79 vs 0 CORRECT: exp=0 dout=0
@92: 80 vs 0 CORRECT: exp=0 dout=0
@93: 81 vs 0 CORRECT: exp=0 dout=0
@94: 82 vs 0 CORRECT: exp=0 dout=0
@95: 83 vs 0 CORRECT: exp=0 dout=0
@96: 84 vs 0 CORRECT: exp=0 dout=0
@97: 85 vs 0 CORRECT: exp=0 dout=0
@98: 86 vs 0 CORRECT: exp=0 dout=0
@99: info: register change enables 0 -> 1
@99: 87 vs 0 CORRECT: exp=0 dout=0
@100: 88 vs 0 CORRECT: exp=0 dout=0
@101: 89 vs 0 CORRECT: exp=0 dout=0
@102: 90 vs 0 CORRECT: exp=0 dout=0
@103: 91 vs 0 CORRECT: exp=5 dout=5
@104: 92 vs 0 CORRECT: exp=22 dout=22
@105: 93 vs 0 CORRECT: exp=29 dout=29
@106: 94 vs 0 CORRECT: exp=101 dout=101
@107: 95 vs 0 CORRECT: exp=209 dout=209
@108: 96 vs 0 CORRECT: exp=271 dout=271
@109: 97 vs 0 CORRECT: exp=265 dout=265
@110: 98 vs 0 CORRECT: exp=267 dout=267
@111: 99 vs 0 CORRECT: exp=257 dout=257
@112: 100 vs 0 CORRECT: exp=241 dout=241
@113: 101 vs 0 CORRECT: exp=225 dout=225
@114: 102 vs 0 CORRECT: exp=209 dout=209
@115: 103 vs 0 CORRECT: exp=193 dout=193
@116: 104 vs 0 CORRECT: exp=177 dout=177
@117: 105 vs 0 CORRECT: exp=162 dout=162
@118: 106 vs 0 CORRECT: exp=147 dout=147
@119: 107 vs 0 CORRECT: exp=132 dout=132
@120: 108 vs 0 CORRECT: exp=118 dout=118
@121: 109 vs 0 CORRECT: exp=105 dout=105
@122: 110 vs 0 CORRECT: exp=92 dout=92
@123: 111 vs 0 CORRECT: exp=79 dout=79
@124: 112 vs 0 CORRECT: exp=67 dout=67
@125: 113 vs 0 CORRECT: exp=56 dout=56
@126: 114 vs 0 CORRECT: exp=45 dout=45
@127: 115 vs 0 CORRECT: exp=35 dout=35
@128: 116 vs 0 CORRECT: exp=1176 dout=1176
@129: 117 vs 0 CORRECT: exp=4617 dout=4617
@130: 118 vs 0 CORRECT: exp=6334 dout=6334
@131: 119 vs 0 CORRECT: exp=21274 dout=21274
@132: 120 vs 0 CORRECT: exp=44263 dout=44263
@133: 121 vs 0 CORRECT: exp=59205 dout=59205
@134: 122 vs 0 CORRECT: exp=60925 dout=60925
@135: 123 vs 0 CORRECT: exp=64370 dout=64370
@136: 124 vs 0 CORRECT: exp=65518 dout=65518
@137: 125 vs 0 CORRECT: exp=65516 dout=65516
@138: 126 vs 0 CORRECT: exp=65515 dout=65515
@139: 127 vs 0 CORRECT: exp=65515 dout=65515
@140: 128 vs 0 CORRECT: exp=65516 dout=65516
@141: 129 vs 0 CORRECT: exp=65518 dout=65518
@142: 130 vs 0 CORRECT: exp=64371 dout=64371
@143: 131 vs 0 CORRECT: exp=60925 dout=60925
@144: 132 vs 0 CORRECT: exp=59205 dout=59205
@145: 133 vs 0 CORRECT: exp=44263 dout=44263
@146: 134 vs 0 CORRECT: exp=21274 dout=21274
@147: 135 vs 0 CORRECT: exp=6334 dout=6334
@148: 136 vs 0 CORRECT: exp=4617 dout=4617
@149: 137 vs 0 CORRECT: exp=1177 dout=1177
@150: 138 vs 0 CORRECT: exp=36 dout=36
@151: 139 vs 0 CORRECT: exp=46 dout=46
@152: 140 vs 0 CORRECT: exp=57 dout=57
@153: 141 vs 0 CORRECT: exp=68 dout=68
@154: 142 vs 0 CORRECT: exp=80 dout=80
@155: 143 vs 0 CORRECT: exp=92 dout=92
@156: 144 vs 0 CORRECT: exp=105 dout=105
@157: 145 vs 0 CORRECT: exp=118 dout=118
@158: 146 vs 0 CORRECT: exp=132 dout=132
@159: 147 vs 0 CORRECT: exp=146 dout=146
@160: 148 vs 0 CORRECT: exp=161 dout=161
@161: 149 vs 0 CORRECT: exp=176 dout=176
@162: 150 vs 0 CORRECT: exp=191 dout=191
@163: 151 vs 0 CORRECT: exp=206 dout=206
@164: 152 vs 0 CORRECT: exp=222 dout=222
@165: 153 vs 0 CORRECT: exp=238 dout=238
@166: 154 vs 0 CORRECT: exp=253 dout=253
@167: 155 vs 0 CORRECT: exp=269 dout=269
@168: 156 vs 0 CORRECT: exp=285 dout=285
@169: 157 vs 0 CORRECT: exp=300 dout=300
@170: 158 vs 0 CORRECT: exp=316 dout=316
@171: 159 vs 0 CORRECT: exp=331 dout=331
@172: 160 vs 0 CORRECT: exp=346 dout=346
@173: 161 vs 0 CORRECT: exp=361 dout=361
@174: 162 vs 0 CORRECT: exp=375 dout=375
@175: 163 vs 0 CORRECT: exp=389 dout=389
@176: 164 vs 0 CORRECT: exp=403 dout=403
@177: 165 vs 0 CORRECT: exp=416 dout=416
@178: 166 vs 0 CORRECT: exp=428 dout=428
@179: 167 vs 0 CORRECT: exp=440 dout=440
@180: 168 vs 0 CORRECT: exp=451 dout=451
@181: 169 vs 0 CORRECT: exp=462 dout=462
@182: 170 vs 0 CORRECT: exp=472 dout=472
@183: 171 vs 0 CORRECT: exp=481 dout=481
@184: 172 vs 0 CORRECT: exp=490 dout=490
@185: 173 vs 0 CORRECT: exp=497 dout=497
@186: 174 vs 0 CORRECT: exp=504 dout=504
@187: 175 vs 0 CORRECT: exp=510 dout=510
@188: 176 vs 0 CORRECT: exp=514 dout=514
@189: 177 vs 0 CORRECT: exp=518 dout=518
@190: 178 vs 0 CORRECT: exp=521 dout=521
@191: 179 vs 0 CORRECT: exp=523 dout=523
@192: 180 vs 0 CORRECT: exp=524 dout=524
@193: 181 vs 0 CORRECT: exp=524 dout=524
@194: 182 vs 0 CORRECT: exp=523 dout=523
@195: 183 vs 0 CORRECT: exp=520 dout=520
@196: 184 vs 0 CORRECT: exp=517 dout=517
@197: 185 vs 0 CORRECT: exp=513 dout=513
@198: 186 vs 0 CORRECT: exp=508 dout=508
@199: 187 vs 0 CORRECT: exp=501 dout=501
@200: 188 vs 0 CORRECT: exp=494 dout=494
@201: 189 vs 0 CORRECT: exp=485 dout=485
@202: 190 vs 0 CORRECT: exp=476 dout=476
@203: 191 vs 0 CORRECT: exp=465 dout=465
@204: 192 vs 0 CORRECT: exp=453 dout=453
@205: 193 vs 0 CORRECT: exp=441 dout=441
@206: 194 vs 0 CORRECT: exp=427 dout=427
@207: 195 vs 0 CORRECT: exp=413 dout=413
@208: 196 vs 0 CORRECT: exp=397 dout=397
@209: 197 vs 0 CORRECT: exp=381 dout=381
@210: 198 vs 0 CORRECT: exp=364 dout=364
@211: 199 vs 0 CORRECT: exp=346 dout=346
@212: 200 vs 0 CORRECT: exp=327 dout=327
@213: 201 vs 0 CORRECT: exp=307 dout=307
@214: 202 vs 0 CORRECT: exp=286 dout=286
@215: 203 vs 0 CORRECT: exp=265 dout=265
@216: 204 vs 0 CORRECT: exp=243 dout=243
@217: 205 vs 0 CORRECT: exp=221 dout=221
@218: 206 vs 0 CORRECT: exp=198 dout=198
@219: 207 vs 0 CORRECT: exp=174 dout=174
@220: 208 vs 0 CORRECT: exp=151 dout=151
@221: 209 vs 0 CORRECT: exp=126 dout=126
@222: 210 vs 0 CORRECT: exp=102 dout=102
@223: 211 vs 0 CORRECT: exp=1227 dout=1227
@224: 212 vs 0 CORRECT: exp=4651 dout=4651
@225: 213 vs 0 CORRECT: exp=6350 dout=6350
@226: 214 vs 0 CORRECT: exp=21271 dout=21271
@227: 215 vs 0 CORRECT: exp=44241 dout=44241
@228: 216 vs 0 CORRECT: exp=59162 dout=59162
@229: 217 vs 0 CORRECT: exp=60861 dout=60861
@230: 218 vs 0 CORRECT: exp=64285 dout=64285
@231: 219 vs 0 CORRECT: exp=65409 dout=65409
@232: 220 vs 0 CORRECT: exp=65384 dout=65384
@233: 221 vs 0 CORRECT: exp=65359 dout=65359
@234: 222 vs 0 CORRECT: exp=65335 dout=65335
@235: 223 vs 0 CORRECT: exp=65311 dout=65311
@236: 224 vs 0 CORRECT: exp=65287 dout=65287
@237: 225 vs 0 CORRECT: exp=65264 dout=65264
@238: 226 vs 0 CORRECT: exp=65241 dout=65241
@239: 227 vs 0 CORRECT: exp=65219 dout=65219
@240: 228 vs 0 CORRECT: exp=65198 dout=65198
@241: 229 vs 0 CORRECT: exp=65177 dout=65177
@242: 230 vs 0 CORRECT: exp=65157 dout=65157
@243: 231 vs 0 CORRECT: exp=65138 dout=65138
@244: 232 vs 0 CORRECT: exp=65119 dout=65119
@245: 233 vs 0 CORRECT: exp=65102 dout=65102
@246: 234 vs 0 CORRECT: exp=65085 dout=65085
@247: 235 vs 0 CORRECT: exp=65070 dout=65070
@248: 236 vs 0 CORRECT: exp=65055 dout=65055
@249: 237 vs 0 CORRECT: exp=65041 dout=65041
@250: 238 vs 0 CORRECT: exp=65028 dout=65028
@251: 239 vs 0 CORRECT: exp=65016 dout=65016
@252: 240 vs 0 CORRECT: exp=65003 dout=65003
@253: 241 vs 0 CORRECT: exp=64993 dout=64993
@254: 242 vs 0 CORRECT: exp=64975 dout=64975
@255: 243 vs 0 CORRECT: exp=64954 dout=64954
@256: 244 vs 0 CORRECT: exp=64939 dout=64939
@257: 245 vs 0 CORRECT: exp=64933 dout=64933
@258: 246 vs 0 CORRECT: exp=64927 dout=64927
@259: 247 vs 0 CORRECT: exp=64923 dout=64923
@260: 248 vs 0 CORRECT: exp=64922 dout=64922
@261: 249 vs 0 CORRECT: exp=64922 dout=64922
@262: 250 vs 0 CORRECT: exp=64923 dout=64923
@263: 251 vs 0 CORRECT: exp=64925 dout=64925
@264: 252 vs 0 CORRECT: exp=64929 dout=64929
@265: 253 vs 0 CORRECT: exp=64934 dout=64934
@266: 254 vs 0 CORRECT: exp=64940 dout=64940
@267: 255 vs 0 CORRECT: exp=64947 dout=64947
@268: 256 vs 0 CORRECT: exp=64956 dout=64956
@269: 257 vs 0 CORRECT: exp=64965 dout=64965
@270: 258 vs 0 CORRECT: exp=64976 dout=64976
@271: 259 vs 0 CORRECT: exp=64988 dout=64988
@272: 260 vs 0 CORRECT: exp=65001 dout=65001
@273: 261 vs 0 CORRECT: exp=65015 dout=65015
@274: 262 vs 0 CORRECT: exp=65029 dout=65029
@275: 263 vs 0 CORRECT: exp=65045 dout=65045
@276: 264 vs 0 CORRECT: exp=65062 dout=65062
@277: 265 vs 0 CORRECT: exp=65079 dout=65079
@278: 266 vs 0 CORRECT: exp=65097 dout=65097
@279: 267 vs 0 CORRECT: exp=65116 dout=65116
@280: 268 vs 0 CORRECT: exp=65136 dout=65136
@281: 269 vs 0 CORRECT: exp=65156 dout=65156
@282: 270 vs 0 CORRECT: exp=65177 dout=65177
@283: 271 vs 0 CORRECT: exp=65198 dout=65198
@284: 272 vs 0 CORRECT: exp=65220 dout=65220
@285: 273 vs 0 CORRECT: exp=65242 dout=65242
@286: 274 vs 0 CORRECT: exp=65265 dout=65265
@287: 275 vs 0 CORRECT: exp=65288 dout=65288
@288: 276 vs 0 CORRECT: exp=65311 dout=65311
@289: 277 vs 0 CORRECT: exp=65334 dout=65334
@290: 278 vs 0 CORRECT: exp=65357 dout=65357
@291: 279 vs 0 CORRECT: exp=65380 dout=65380
@292: 280 vs 0 CORRECT: exp=65403 dout=65403
@293: 281 vs 0 CORRECT: exp=65426 dout=65426
@294: 282 vs 0 CORRECT: exp=64299 dout=64299
@295: 283 vs 0 CORRECT: exp=60873 dout=60873
@296: 284 vs 0 CORRECT: exp=59170 dout=59170
@297: 285 vs 0 CORRECT: exp=44245 dout=44245
@298: 286 vs 0 CORRECT: exp=21272 dout=21272
@299: 287 vs 0 CORRECT: exp=6346 dout=6346
@300: 288 vs 0 CORRECT: exp=4642 dout=4642
@301: 289 vs 0 CORRECT: exp=1212 dout=1212
@302: 290 vs 0 CORRECT: exp=82 dout=82
@303: 291 vs 0 CORRECT: exp=101 dout=101
@304: 292 vs 0 CORRECT: exp=119 dout=119
@305: 293 vs 0 CORRECT: exp=136 dout=136
@306: 294 vs 0 CORRECT: exp=152 dout=152
@307: 295 vs 0 CORRECT: exp=167 dout=167
@308: 296 vs 0 CORRECT: exp=182 dout=182
@309: 297 vs 0 CORRECT: exp=195 dout=195
@310: 298 vs 0 CORRECT: exp=208 dout=208
@311: 299 vs 0 CORRECT: exp=219 dout=219
@312: 300 vs 0 CORRECT: exp=230 dout=230
@313: 301 vs 0 CORRECT: exp=239 dout=239
@314: 302 vs 0 CORRECT: exp=247 dout=247
@315: 303 vs 0 CORRECT: exp=254 dout=254
@316: 304 vs 0 CORRECT: exp=260 dout=260
@317: 305 vs 0 CORRECT: exp=265 dout=265
@318: 306 vs 0 CORRECT: exp=269 dout=269
@319: 307 vs 0 CORRECT: exp=272 dout=272
@320: 308 vs 0 CORRECT: exp=273 dout=273
@321: 309 vs 0 CORRECT: exp=273 dout=273
@322: 310 vs 0 CORRECT: exp=272 dout=272
@323: 311 vs 0 CORRECT: exp=270 dout=270
@324: 312 vs 0 CORRECT: exp=267 dout=267
@325: 313 vs 0 CORRECT: exp=262 dout=262
@326: 314 vs 0 CORRECT: exp=256 dout=256
@327: 315 vs 0 CORRECT: exp=249 dout=249
@328: 316 vs 0 CORRECT: exp=241 dout=241
@329: 317 vs 0 CORRECT: exp=232 dout=232
@330: 318 vs 0 CORRECT: exp=222 dout=222
@331: 319 vs 0 CORRECT: exp=211 dout=211
@332: 320 vs 0 CORRECT: exp=199 dout=199
@333: 321 vs 0 CORRECT: exp=186 dout=186
@334: 322 vs 0 CORRECT: exp=173 dout=173
@335: 323 vs 0 CORRECT: exp=158 dout=158
@336: 324 vs 0 CORRECT: exp=142 dout=142
@337: 325 vs 0 CORRECT: exp=126 dout=126
@338: 326 vs 0 CORRECT: exp=109 dout=109
@339: 327 vs 0 CORRECT: exp=91 dout=91
@340: 328 vs 0 CORRECT: exp=1222 dout=1222
@341: 329 vs 0 CORRECT: exp=4652 dout=4652
@342: 330 vs 0 CORRECT: exp=6357 dout=6357
@343: 331 vs 0 CORRECT: exp=21283 dout=21283
@344: 332 vs 0 CORRECT: exp=44258 dout=44258
@345: 333 vs 0 CORRECT: exp=59183 dout=59183
@346: 334 vs 0 CORRECT: exp=60886 dout=60886
@347: 335 vs 0 CORRECT: exp=64314 dout=64314
@348: 336 vs 0 CORRECT: exp=65441 dout=65441
@349: 337 vs 0 CORRECT: exp=65419 dout=65419
@350: 338 vs 0 CORRECT: exp=65397 dout=65397
@351: 339 vs 0 CORRECT: exp=65375 dout=65375
@352: 340 vs 0 CORRECT: exp=65353 dout=65353
@353: 341 vs 0 CORRECT: exp=65330 dout=65330
@354: 342 vs 0 CORRECT: exp=65308 dout=65308
@355: 343 vs 0 CORRECT: exp=65286 dout=65286
@356: 344 vs 0 CORRECT: exp=65265 dout=65265
@357: 345 vs 0 CORRECT: exp=65243 dout=65243
@358: 346 vs 0 CORRECT: exp=65222 dout=65222
@359: 347 vs 0 CORRECT: exp=65202 dout=65202
@360: 348 vs 0 CORRECT: exp=65182 dout=65182
@361: 349 vs 0 CORRECT: exp=65162 dout=65162
@362: 350 vs 0 CORRECT: exp=65143 dout=65143
@363: 351 vs 0 CORRECT: exp=65125 dout=65125
@364: 352 vs 0 CORRECT: exp=65107 dout=65107
@365: 353 vs 0 CORRECT: exp=65090 dout=65090
@366: 354 vs 0 CORRECT: exp=65074 dout=65074
@367: 355 vs 0 CORRECT: exp=65059 dout=65059
@368: 356 vs 0 CORRECT: exp=65044 dout=65044
@369: 357 vs 0 CORRECT: exp=65031 dout=65031
@370: 358 vs 0 CORRECT: exp=65018 dout=65018
@371: 359 vs 0 CORRECT: exp=65006 dout=65006
@372: 360 vs 0 CORRECT: exp=64996 dout=64996
@373: 361 vs 0 CORRECT: exp=64986 dout=64986
@374: 362 vs 0 CORRECT: exp=64977 dout=64977
@375: 363 vs 0 CORRECT: exp=64969 dout=64969
@376: 364 vs 0 CORRECT: exp=64962 dout=64962
@377: 365 vs 0 CORRECT: exp=64957 dout=64957
@378: 366 vs 0 CORRECT: exp=64952 dout=64952
@379: 367 vs 0 CORRECT: exp=64949 dout=64949
@380: 368 vs 0 CORRECT: exp=64947 dout=64947
@381: 369 vs 0 CORRECT: exp=64946 dout=64946
@382: 370 vs 0 CORRECT: exp=64946 dout=64946
@383: 371 vs 0 CORRECT: exp=64947 dout=64947
@384: 372 vs 0 CORRECT: exp=64949 dout=64949
@385: 373 vs 0 CORRECT: exp=64952 dout=64952
@386: 374 vs 0 CORRECT: exp=64956 dout=64956
@387: 375 vs 0 CORRECT: exp=64961 dout=64961
@388: 376 vs 0 CORRECT: exp=64968 dout=64968
@389: 377 vs 0 CORRECT: exp=64975 dout=64975
@390: 378 vs 0 CORRECT: exp=64984 dout=64984
@391: 379 vs 0 CORRECT: exp=64993 dout=64993
@392: 380 vs 0 CORRECT: exp=65003 dout=65003
@393: 381 vs 0 CORRECT: exp=65014 dout=65014
@394: 382 vs 0 CORRECT: exp=65026 dout=65026
@395: 383 vs 0 CORRECT: exp=65039 dout=65039
@396: 384 vs 0 CORRECT: exp=65053 dout=65053
@397: 385 vs 0 CORRECT: exp=65067 dout=65067
@398: 386 vs 0 CORRECT: exp=65082 dout=65082
@399: 387 vs 0 CORRECT: exp=65098 dout=65098
@400: 388 vs 0 CORRECT: exp=65115 dout=65115
@401: 389 vs 0 CORRECT: exp=65132 dout=65132
@402: 390 vs 0 CORRECT: exp=65149 dout=65149
@403: 391 vs 0 CORRECT: exp=65167 dout=65167
@404: 392 vs 0 CORRECT: exp=65186 dout=65186
@405: 393 vs 0 CORRECT: exp=65205 dout=65205
@406: 394 vs 0 CORRECT: exp=65224 dout=65224
@407: 395 vs 0 CORRECT: exp=65243 dout=65243
@408: 396 vs 0 CORRECT: exp=65263 dout=65263
@409: 397 vs 0 CORRECT: exp=65282 dout=65282
@410: 398 vs 0 CORRECT: exp=65302 dout=65302
@411: 399 vs 0 CORRECT: exp=65322 dout=65322
@412: 400 vs 0 CORRECT: exp=65341 dout=65341
@413: 401 vs 0 CORRECT: exp=65361 dout=65361
@414: 402 vs 0 CORRECT: exp=65381 dout=65381
@415: 403 vs 0 CORRECT: exp=65400 dout=65400
@416: 404 vs 0 CORRECT: exp=65419 dout=65419
@417: 405 vs 0 CORRECT: exp=65438 dout=65438
@418: 406 vs 0 CORRECT: exp=65456 dout=65456
@419: 407 vs 0 CORRECT: exp=64324 dout=64324
@420: 408 vs 0 CORRECT: exp=60893 dout=60893
@421: 409 vs 0 CORRECT: exp=59185 dout=59185
@422: 410 vs 0 CORRECT: exp=44255 dout=44255
@423: 411 vs 0 CORRECT: exp=21276 dout=21276
@424: 412 vs 0 CORRECT: exp=6345 dout=6345
@425: 413 vs 0 CORRECT: exp=4635 dout=4635
@426: 414 vs 0 CORRECT: exp=1199 dout=1199
@427: 415 vs 0 CORRECT: exp=63 dout=63
@428: 416 vs 0 CORRECT: exp=75 dout=75
@429: 417 vs 0 CORRECT: exp=86 dout=86
@430: 418 vs 0 CORRECT: exp=97 dout=97
@431: 419 vs 0 CORRECT: exp=107 dout=107
@432: 420 vs 0 CORRECT: exp=115 dout=115
@433: 421 vs 0 CORRECT: exp=123 dout=123
@434: 422 vs 0 CORRECT: exp=130 dout=130
@435: 423 vs 0 CORRECT: exp=136 dout=136
@436: 424 vs 0 CORRECT: exp=141 dout=141
@437: 425 vs 0 CORRECT: exp=144 dout=144
@438: 426 vs 0 CORRECT: exp=147 dout=147
@439: 427 vs 0 CORRECT: exp=149 dout=149
@440: 428 vs 0 CORRECT: exp=150 dout=150
@441: 429 vs 0 CORRECT: exp=150 dout=150
@442: 430 vs 0 CORRECT: exp=149 dout=149
@443: 431 vs 0 CORRECT: exp=147 dout=147
@444: 432 vs 0 CORRECT: exp=144 dout=144
@445: 433 vs 0 CORRECT: exp=139 dout=139
@446: 434 vs 0 CORRECT: exp=134 dout=134
@447: 435 vs 0 CORRECT: exp=128 dout=128
@448: 436 vs 0 CORRECT: exp=121 dout=121
@449: 437 vs 0 CORRECT: exp=114 dout=114
@450: 438 vs 0 CORRECT: exp=105 dout=105
@451: 439 vs 0 CORRECT: exp=95 dout=95
@452: 440 vs 0 CORRECT: exp=85 dout=85
@453: 441 vs 0 CORRECT: exp=73 dout=73
@454: 442 vs 0 CORRECT: exp=61 dout=61
@455: 443 vs 0 CORRECT: exp=1198 dout=1198
@456: 444 vs 0 CORRECT: exp=4634 dout=4634
@457: 445 vs 0 CORRECT: exp=6345 dout=6345
@458: 446 vs 0 CORRECT: exp=21277 dout=21277
@459: 447 vs 0 CORRECT: exp=44257 dout=44257
@460: 448 vs 0 CORRECT: exp=59188 dout=59188
@461: 449 vs 0 CORRECT: exp=60897 dout=60897
@462: 450 vs 0 CORRECT: exp=64330 dout=64330
@463: 451 vs 0 CORRECT: exp=65463 dout=65463
@464: 452 vs 0 CORRECT: exp=65446 dout=65446
@465: 453 vs 0 CORRECT: exp=65429 dout=65429
@466: 454 vs 0 CORRECT: exp=65411 dout=65411
@467: 455 vs 0 CORRECT: exp=65394 dout=65394
@468: 456 vs 0 CORRECT: exp=65376 dout=65376
@469: 457 vs 0 CORRECT: exp=65359 dout=65359
@470: 458 vs 0 CORRECT: exp=65342 dout=65342
@471: 459 vs 0 CORRECT: exp=65324 dout=65324
@472: 460 vs 0 CORRECT: exp=65307 dout=65307
@473: 461 vs 0 CORRECT: exp=65290 dout=65290
@474: 462 vs 0 CORRECT: exp=65274 dout=65274
@475: 463 vs 0 CORRECT: exp=65258 dout=65258
@476: 464 vs 0 CORRECT: exp=65242 dout=65242
@477: 465 vs 0 CORRECT: exp=65227 dout=65227
@478: 466 vs 0 CORRECT: exp=65212 dout=65212
@479: 467 vs 0 CORRECT: exp=65198 dout=65198
@480: 468 vs 0 CORRECT: exp=65184 dout=65184
@481: 469 vs 0 CORRECT: exp=65171 dout=65171
@482: 470 vs 0 CORRECT: exp=65159 dout=65159
@483: 471 vs 0 CORRECT: exp=65148 dout=65148
@484: 472 vs 0 CORRECT: exp=65137 dout=65137
@485: 473 vs 0 CORRECT: exp=65127 dout=65127
@486: 474 vs 0 CORRECT: exp=65119 dout=65119
@487: 475 vs 0 CORRECT: exp=65111 dout=65111
@488: 476 vs 0 CORRECT: exp=65104 dout=65104
@489: 477 vs 0 CORRECT: exp=65098 dout=65098
@490: 478 vs 0 CORRECT: exp=65093 dout=65093
@491: 479 vs 0 CORRECT: exp=65089 dout=65089
@492: 480 vs 0 CORRECT: exp=65086 dout=65086
@493: 481 vs 0 CORRECT: exp=65085 dout=65085
@494: 482 vs 0 CORRECT: exp=65084 dout=65084
@495: 483 vs 0 CORRECT: exp=65085 dout=65085
@496: 484 vs 0 CORRECT: exp=65087 dout=65087
@497: 485 vs 0 CORRECT: exp=65090 dout=65090
@498: 486 vs 0 CORRECT: exp=65094 dout=65094
@499: 487 vs 0 CORRECT: exp=65099 dout=65099
@500: 488 vs 0 CORRECT: exp=65105 dout=65105
@501: 489 vs 0 CORRECT: exp=65113 dout=65113
@502: 490 vs 0 CORRECT: exp=65122 dout=65122
@503: 491 vs 0 CORRECT: exp=65132 dout=65132
@504: 492 vs 0 CORRECT: exp=65143 dout=65143
@505: 493 vs 0 CORRECT: exp=65155 dout=65155
@506: 494 vs 0 CORRECT: exp=65168 dout=65168
@507: 495 vs 0 CORRECT: exp=65183 dout=65183
@508: 496 vs 0 CORRECT: exp=65198 dout=65198
@509: 497 vs 0 CORRECT: exp=65215 dout=65215
@510: 498 vs 0 CORRECT: exp=65232 dout=65232
@511: 499 vs 0 CORRECT: exp=65251 dout=65251
@512: 500 vs 0 CORRECT: exp=65270 dout=65270
@513: 501 vs 0 CORRECT: exp=65291 dout=65291
@514: 502 vs 0 CORRECT: exp=65312 dout=65312
@515: 503 vs 0 CORRECT: exp=65334 dout=65334
@516: 504 vs 0 CORRECT: exp=65357 dout=65357
@517: 505 vs 0 CORRECT: exp=65380 dout=65380
@518: 506 vs 0 CORRECT: exp=65404 dout=65404
@519: 507 vs 0 CORRECT: exp=65429 dout=65429
@520: 508 vs 0 CORRECT: exp=64305 dout=64305
@521: 509 vs 0 CORRECT: exp=60882 dout=60882
@522: 510 vs 0 CORRECT: exp=59183 dout=59183
@523: 511 vs 0 CORRECT: exp=44263 dout=44263
@524: 512 vs 0 CORRECT: exp=21295 dout=21295
@525: 513 vs 0 CORRECT: exp=6376 dout=6376
@526: 514 vs 0 CORRECT: exp=4679 dout=4679
@527: 515 vs 0 CORRECT: exp=1257 dout=1257
@528: 516 vs 0 CORRECT: exp=136 dout=136
@529: 517 vs 0 CORRECT: exp=163 dout=163
@530: 518 vs 0 CORRECT: exp=191 dout=191
@531: 519 vs 0 CORRECT: exp=219 dout=219
@532: 520 vs 0 CORRECT: exp=247 dout=247
@533: 521 vs 0 CORRECT: exp=274 dout=274
@534: 522 vs 0 CORRECT: exp=301 dout=301
@535: 523 vs 0 CORRECT: exp=328 dout=328
@536: 524 vs 0 CORRECT: exp=354 dout=354
@537: 525 vs 0 CORRECT: exp=380 dout=380
@538: 526 vs 0 CORRECT: exp=406 dout=406
@539: 527 vs 0 CORRECT: exp=431 dout=431
@540: 528 vs 0 CORRECT: exp=455 dout=455
@541: 529 vs 0 CORRECT: exp=478 dout=478
@542: 530 vs 0 CORRECT: exp=501 dout=501
@543: 531 vs 0 CORRECT: exp=523 dout=523
@544: 532 vs 0 CORRECT: exp=544 dout=544
@545: 533 vs 0 CORRECT: exp=564 dout=564
@546: 534 vs 0 CORRECT: exp=583 dout=583
@547: 535 vs 0 CORRECT: exp=602 dout=602
@548: 536 vs 0 CORRECT: exp=619 dout=619
@549: 537 vs 0 CORRECT: exp=635 dout=635
@550: info: register change start1 500 -> 300
@550: 538 vs 0 CORRECT: exp=650 dout=650
@551: 539 vs 0 CORRECT: exp=664 dout=664
@552: 540 vs 0 CORRECT: exp=677 dout=677
@553: 541 vs 0 CORRECT: exp=689 dout=689
@554: 542 vs 0 CORRECT: exp=699 dout=699
@555: 543 vs 0 CORRECT: exp=708 dout=708
@556: 544 vs 0 CORRECT: exp=716 dout=716
@557: 545 vs 0 CORRECT: exp=723 dout=723
@558: 546 vs 0 CORRECT: exp=728 dout=728
@559: 547 vs 0 CORRECT: exp=732 dout=732
@560: 548 vs 0 CORRECT: exp=735 dout=735
@561: 549 vs 0 CORRECT: exp=736 dout=736
@562: 550 vs 0 CORRECT: exp=736 dout=736
@563: 551 vs 0 CORRECT: exp=735 dout=735
@564: 552 vs 0 CORRECT: exp=733 dout=733
@565: 553 vs 0 CORRECT: exp=729 dout=729
@566: 554 vs 0 CORRECT: exp=724 dout=724
@567: 555 vs 0 CORRECT: exp=718 dout=718
@568: 556 vs 0 CORRECT: exp=711 dout=711
@569: 557 vs 0 CORRECT: exp=702 dout=702
@570: 558 vs 0 CORRECT: exp=692 dout=692
@571: 559 vs 0 CORRECT: exp=681 dout=681
@572: 560 vs 0 CORRECT: exp=669 dout=669
@573: 561 vs 0 CORRECT: exp=656 dout=656
@574: 562 vs 0 CORRECT: exp=642 dout=642
@575: 563 vs 0 CORRECT: exp=627 dout=627
@576: 564 vs 0 CORRECT: exp=611 dout=611
@577: 565 vs 0 CORRECT: exp=594 dout=594
@578: 566 vs 0 CORRECT: exp=576 dout=576
@579: 567 vs 0 CORRECT: exp=557 dout=557
@580: 568 vs 0 CORRECT: exp=537 dout=537
@581: 569 vs 0 CORRECT: exp=517 dout=517
@582: 570 vs 0 CORRECT: exp=496 dout=496
@583: 571 vs 0 CORRECT: exp=475 dout=475
@584: 572 vs 0 CORRECT: exp=453 dout=453
@585: 573 vs 0 CORRECT: exp=430 dout=430
@586: 574 vs 0 CORRECT: exp=407 dout=407
@587: 575 vs 0 CORRECT: exp=384 dout=384
@588: 576 vs 0 CORRECT: exp=360 dout=360
@589: 577 vs 0 CORRECT: exp=336 dout=336
@590: 578 vs 0 CORRECT: exp=312 dout=312
@591: 579 vs 0 CORRECT: exp=288 dout=288
@592: 580 vs 0 CORRECT: exp=264 dout=264
@593: 581 vs 0 CORRECT: exp=240 dout=240
@594: 582 vs 0 CORRECT: exp=216 dout=216
@595: 583 vs 0 CORRECT: exp=192 dout=192
@596: 584 vs 0 CORRECT: exp=168 dout=168
@597: 585 vs 0 CORRECT: exp=144 dout=144
@598: 586 vs 0 CORRECT: exp=121 dout=121
@599: 587 vs 0 CORRECT: exp=98 dout=98
@600: 588 vs 0 CORRECT: exp=1226 dout=1226
@601: 589 vs 0 CORRECT: exp=4653 dout=4653
@602: 590 vs 0 CORRECT: exp=6356 dout=6356
@603: 591 vs 0 CORRECT: exp=21282 dout=21282
@604: 592 vs 0 CORRECT: exp=44257 dout=44257
@605: 593 vs 0 CORRECT: exp=59184 dout=59184
@606: 594 vs 0 CORRECT: exp=60890 dout=60890
@607: 595 vs 0 CORRECT: exp=64321 dout=64321
@608: 596 vs 0 CORRECT: exp=65454 dout=65454
@609: 597 vs 0 CORRECT: exp=65438 dout=65438
@610: 598 vs 0 CORRECT: exp=65422 dout=65422
@611: 599 vs 0 CORRECT: exp=65408 dout=65408
@612: 600 vs 0 CORRECT: exp=65395 dout=65395
@613: 601 vs 0 CORRECT: exp=65382 dout=65382
@614: 602 vs 0 CORRECT: exp=65371 dout=65371
@615: 603 vs 0 CORRECT: exp=65361 dout=65361
@616: 604 vs 0 CORRECT: exp=65352 dout=65352
@617: 605 vs 0 CORRECT: exp=65344 dout=65344
@618: 606 vs 0 CORRECT: exp=65337 dout=65337
@619: 607 vs 0 CORRECT: exp=65331 dout=65331
@620: 608 vs 0 CORRECT: exp=65326 dout=65326
@621: 609 vs 0 CORRECT: exp=65322 dout=65322
@622: 610 vs 0 CORRECT: exp=65320 dout=65320
@623: 611 vs 0 CORRECT: exp=65319 dout=65319
@624: 612 vs 0 CORRECT: exp=65319 dout=65319
@625: 613 vs 0 CORRECT: exp=65320 dout=65320
@626: 614 vs 0 CORRECT: exp=65322 dout=65322
@627: 615 vs 0 CORRECT: exp=65325 dout=65325
@628: 616 vs 0 CORRECT: exp=65330 dout=65330
@629: 617 vs 0 CORRECT: exp=65335 dout=65335
@630: 618 vs 0 CORRECT: exp=65342 dout=65342
@631: 619 vs 0 CORRECT: exp=65350 dout=65350
@632: 620 vs 0 CORRECT: exp=65358 dout=65358
@633: 621 vs 0 CORRECT: exp=65368 dout=65368
@634: 622 vs 0 CORRECT: exp=65379 dout=65379
@635: 623 vs 0 CORRECT: exp=65390 dout=65390
@636: 624 vs 0 CORRECT: exp=65402 dout=65402
@637: 625 vs 0 CORRECT: exp=65415 dout=65415
@638: 626 vs 0 CORRECT: exp=65429 dout=65429
@639: 627 vs 0 CORRECT: exp=65444 dout=65444
@640: 628 vs 0 CORRECT: exp=65460 dout=65460
@641: 629 vs 0 CORRECT: exp=64326 dout=64326
@642: 630 vs 0 CORRECT: exp=60894 dout=60894
@643: 631 vs 0 CORRECT: exp=59187 dout=59187
@644: 632 vs 0 CORRECT: exp=44257 dout=44257
@645: 633 vs 0 CORRECT: exp=21281 dout=21281
@646: 634 vs 0 CORRECT: exp=6352 dout=6352
@647: 635 vs 0 CORRECT: exp=4647 dout=4647
@648: 636 vs 0 CORRECT: exp=1217 dout=1217
@649: 637 vs 0 CORRECT: exp=87 dout=87
@650: 638 vs 0 CORRECT: exp=107 dout=107
@651: 639 vs 0 CORRECT: exp=127 dout=127
@652: 640 vs 0 CORRECT: exp=146 dout=146
@653: 641 vs 0 CORRECT: exp=166 dout=166
@654: 642 vs 0 CORRECT: exp=186 dout=186
@655: 643 vs 0 CORRECT: exp=206 dout=206
@656: 644 vs 0 CORRECT: exp=225 dout=225
@657: 645 vs 0 CORRECT: exp=244 dout=244
@658: 646 vs 0 CORRECT: exp=263 dout=263
@659: 647 vs 0 CORRECT: exp=282 dout=282
@660: 648 vs 0 CORRECT: exp=300 dout=300
@661: 649 vs 0 CORRECT: exp=318 dout=318
@662: 650 vs 0 CORRECT: exp=335 dout=335
@663: 651 vs 0 CORRECT: exp=352 dout=352
@664: 652 vs 0 CORRECT: exp=368 dout=368
@665: 653 vs 0 CORRECT: exp=383 dout=383
@666: 654 vs 0 CORRECT: exp=398 dout=398
@667: 655 vs 0 CORRECT: exp=412 dout=412
@668: 656 vs 0 CORRECT: exp=425 dout=425
@669: 657 vs 0 CORRECT: exp=437 dout=437
@670: 658 vs 0 CORRECT: exp=449 dout=449
@671: 659 vs 0 CORRECT: exp=459 dout=459
@672: 660 vs 0 CORRECT: exp=469 dout=469
@673: 661 vs 0 CORRECT: exp=478 dout=478
@674: 662 vs 0 CORRECT: exp=485 dout=485
@675: 663 vs 0 CORRECT: exp=492 dout=492
@676: 664 vs 0 CORRECT: exp=498 dout=498
@677: 665 vs 0 CORRECT: exp=503 dout=503
@678: 666 vs 0 CORRECT: exp=506 dout=506
@679: 667 vs 0 CORRECT: exp=509 dout=509
@680: 668 vs 0 CORRECT: exp=510 dout=510
@681: 669 vs 0 CORRECT: exp=511 dout=511
@682: 670 vs 0 CORRECT: exp=510 dout=510
@683: 671 vs 0 CORRECT: exp=508 dout=508
@684: 672 vs 0 CORRECT: exp=505 dout=505
@685: 673 vs 0 CORRECT: exp=501 dout=501
@686: 674 vs 0 CORRECT: exp=496 dout=496
@687: 675 vs 0 CORRECT: exp=490 dout=490
@688: 676 vs 0 CORRECT: exp=483 dout=483
@689: 677 vs 0 CORRECT: exp=475 dout=475
@690: 678 vs 0 CORRECT: exp=466 dout=466
@691: 679 vs 0 CORRECT: exp=456 dout=456
@692: 680 vs 0 CORRECT: exp=445 dout=445
@693: 681 vs 0 CORRECT: exp=434 dout=434
@694: 682 vs 0 CORRECT: exp=421 dout=421
@695: 683 vs 0 CORRECT: exp=407 dout=407
@696: 684 vs 0 CORRECT: exp=393 dout=393
@697: 685 vs 0 CORRECT: exp=378 dout=378
@698: 686 vs 0 CORRECT: exp=362 dout=362
@699: 687 vs 0 CORRECT: exp=345 dout=345
@700: 688 vs 0 CORRECT: exp=328 dout=328
@701: 689 vs 0 CORRECT: exp=310 dout=310
@702: 690 vs 0 CORRECT: exp=291 dout=291
@703: 691 vs 0 CORRECT: exp=273 dout=273
@704: 692 vs 0 CORRECT: exp=253 dout=253
@705: 693 vs 0 CORRECT: exp=233 dout=233
@706: 694 vs 0 CORRECT: exp=213 dout=213
@707: 695 vs 0 CORRECT: exp=193 dout=193
@708: 696 vs 0 CORRECT: exp=172 dout=172
@709: 697 vs 0 CORRECT: exp=152 dout=152
@710: 698 vs 0 CORRECT: exp=131 dout=131
@711: 699 vs 0 CORRECT: exp=110 dout=110
@712: 700 vs 0 CORRECT: exp=89 dout=89
@713: 701 vs 0 CORRECT: exp=1218 dout=1218
@714: 702 vs 0 CORRECT: exp=4647 dout=4647
@715: 703 vs 0 CORRECT: exp=6351 dout=6351
@716: 704 vs 0 CORRECT: exp=21277 dout=21277
@717: 705 vs 0 CORRECT: exp=44252 dout=44252
@718: 706 vs 0 CORRECT: exp=59179 dout=59179
@719: 707 vs 0 CORRECT: exp=60885 dout=60885
@720: 708 vs 0 CORRECT: exp=64315 dout=64315
@721: 709 vs 0 CORRECT: exp=65446 dout=65446
@722: 710 vs 0 CORRECT: exp=65428 dout=65428
@723: 711 vs 0 CORRECT: exp=65411 dout=65411
@724: 712 vs 0 CORRECT: exp=65394 dout=65394
@725: 713 vs 0 CORRECT: exp=65378 dout=65378
@726: 714 vs 0 CORRECT: exp=65363 dout=65363
@727: 715 vs 0 CORRECT: exp=65348 dout=65348
@728: 716 vs 0 CORRECT: exp=65335 dout=65335
@729: 717 vs 0 CORRECT: exp=65322 dout=65322
@730: 718 vs 0 CORRECT: exp=65310 dout=65310
@731: 719 vs 0 CORRECT: exp=65299 dout=65299
@732: 720 vs 0 CORRECT: exp=65288 dout=65288
@733: 721 vs 0 CORRECT: exp=65279 dout=65279
@734: 722 vs 0 CORRECT: exp=65271 dout=65271
@735: 723 vs 0 CORRECT: exp=65264 dout=65264
@736: 724 vs 0 CORRECT: exp=65257 dout=65257
@737: 725 vs 0 CORRECT: exp=65252 dout=65252
@738: 726 vs 0 CORRECT: exp=65248 dout=65248
@739: 727 vs 0 CORRECT: exp=65245 dout=65245
@740: 728 vs 0 CORRECT: exp=65243 dout=65243
@741: 729 vs 0 CORRECT: exp=65242 dout=65242
@742: 730 vs 0 CORRECT: exp=65242 dout=65242
@743: 731 vs 0 CORRECT: exp=65243 dout=65243
@744: 732 vs 0 CORRECT: exp=65245 dout=65245
@745: 733 vs 0 CORRECT: exp=65248 dout=65248
@746: 734 vs 0 CORRECT: exp=65252 dout=65252
@747: 735 vs 0 CORRECT: exp=65257 dout=65257
@748: 736 vs 0 CORRECT: exp=65263 dout=65263
@749: 737 vs 0 CORRECT: exp=65270 dout=65270
@750: 738 vs 0 CORRECT: exp=65278 dout=65278
@751: 739 vs 0 CORRECT: exp=65286 dout=65286
@752: 740 vs 0 CORRECT: exp=65296 dout=65296
@753: 741 vs 0 CORRECT: exp=65307 dout=65307
@754: 742 vs 0 CORRECT: exp=65318 dout=65318
@755: 743 vs 0 CORRECT: exp=65330 dout=65330
@756: 744 vs 0 CORRECT: exp=65343 dout=65343
@757: 745 vs 0 CORRECT: exp=65357 dout=65357
@758: 746 vs 0 CORRECT: exp=65371 dout=65371
@759: 747 vs 0 CORRECT: exp=65386 dout=65386
@760: 748 vs 0 CORRECT: exp=65402 dout=65402
@761: 749 vs 0 CORRECT: exp=65418 dout=65418
@762: 750 vs 0 CORRECT: exp=65434 dout=65434
@763: 751 vs 0 CORRECT: exp=65451 dout=65451
@764: 752 vs 0 CORRECT: exp=64318 dout=64318
@765: 753 vs 0 CORRECT: exp=60887 dout=60887
@766: 754 vs 0 CORRECT: exp=59180 dout=59180
@767: 755 vs 0 CORRECT: exp=44251 dout=44251
@768: 756 vs 0 CORRECT: exp=21274 dout=21274
@769: 757 vs 0 CORRECT: exp=6345 dout=6345
@770: 758 vs 0 CORRECT: exp=4639 dout=4639
@771: 759 vs 0 CORRECT: exp=1207 dout=1207
@772: 760 vs 0 CORRECT: exp=75 dout=75
@773: 761 vs 0 CORRECT: exp=93 dout=93
@774: 762 vs 0 CORRECT: exp=111 dout=111
@775: 763 vs 0 CORRECT: exp=128 dout=128
@776: 764 vs 0 CORRECT: exp=145 dout=145
@777: 765 vs 0 CORRECT: exp=161 dout=161
@778: 766 vs 0 CORRECT: exp=178 dout=178
@779: 767 vs 0 CORRECT: exp=193 dout=193
@780: 768 vs 0 CORRECT: exp=208 dout=208
@781: 769 vs 0 CORRECT: exp=223 dout=223
@782: 770 vs 0 CORRECT: exp=237 dout=237
@783: 771 vs 0 CORRECT: exp=250 dout=250
@784: 772 vs 0 CORRECT: exp=262 dout=262
@785: 773 vs 0 CORRECT: exp=273 dout=273
@786: 774 vs 0 CORRECT: exp=284 dout=284
@787: 775 vs 0 CORRECT: exp=294 dout=294
@788: 776 vs 0 CORRECT: exp=302 dout=302
@789: 777 vs 0 CORRECT: exp=310 dout=310
@790: 778 vs 0 CORRECT: exp=317 dout=317
@791: 779 vs 0 CORRECT: exp=323 dout=323
@792: 780 vs 0 CORRECT: exp=328 dout=328
@793: 781 vs 0 CORRECT: exp=332 dout=332
@794: 782 vs 0 CORRECT: exp=334 dout=334
@795: 783 vs 0 CORRECT: exp=336 dout=336
@796: 784 vs 0 CORRECT: exp=336 dout=336
@797: 785 vs 0 CORRECT: exp=335 dout=335
@798: 786 vs 0 CORRECT: exp=333 dout=333
@799: 787 vs 0 CORRECT: exp=330 dout=330
@800: 788 vs 0 CORRECT: exp=326 dout=326
@801: 789 vs 0 CORRECT: exp=321 dout=321
@802: 790 vs 0 CORRECT: exp=314 dout=314
@803: 791 vs 0 CORRECT: exp=306 dout=306
@804: 792 vs 0 CORRECT: exp=297 dout=297
@805: 793 vs 0 CORRECT: exp=287 dout=287
@806: 794 vs 0 CORRECT: exp=276 dout=276
@807: 795 vs 0 CORRECT: exp=264 dout=264
@808: 796 vs 0 CORRECT: exp=250 dout=250
@809: 797 vs 0 CORRECT: exp=236 dout=236
@810: 798 vs 0 CORRECT: exp=220 dout=220
@811: 799 vs 0 CORRECT: exp=204 dout=204
@812: 800 vs 0 CORRECT: exp=186 dout=186
@813: 801 vs 0 CORRECT: exp=168 dout=168
@814: 802 vs 0 CORRECT: exp=148 dout=148
@815: 803 vs 0 CORRECT: exp=128 dout=128
@816: 804 vs 0 CORRECT: exp=107 dout=107
@817: 805 vs 0 CORRECT: exp=1234 dout=1234
@818: 806 vs 0 CORRECT: exp=4661 dout=4661
@819: 807 vs 0 CORRECT: exp=6362 dout=6362
@820: 808 vs 0 CORRECT: exp=21285 dout=21285
@821: 809 vs 0 CORRECT: exp=44256 dout=44256
@822: 810 vs 0 CORRECT: exp=59177 dout=59177
@823: 811 vs 0 CORRECT: exp=60877 dout=60877
@824: 812 vs 0 CORRECT: exp=64300 dout=64300
@825: 813 vs 0 CORRECT: exp=65423 dout=65423
@826: 814 vs 0 CORRECT: exp=65396 dout=65396
@827: 815 vs 0 CORRECT: exp=65369 dout=65369
@828: 816 vs 0 CORRECT: exp=65343 dout=65343
@829: 817 vs 0 CORRECT: exp=65315 dout=65315
@830: 818 vs 0 CORRECT: exp=65288 dout=65288
@831: 819 vs 0 CORRECT: exp=65261 dout=65261
@832: 820 vs 0 CORRECT: exp=65234 dout=65234
@833: 821 vs 0 CORRECT: exp=65207 dout=65207
@834: 822 vs 0 CORRECT: exp=65180 dout=65180
@835: 823 vs 0 CORRECT: exp=65154 dout=65154
@836: 824 vs 0 CORRECT: exp=65128 dout=65128
@837: 825 vs 0 CORRECT: exp=65102 dout=65102
@838: 826 vs 0 CORRECT: exp=65077 dout=65077
@839: 827 vs 0 CORRECT: exp=65052 dout=65052
@840: 828 vs 0 CORRECT: exp=65028 dout=65028
@841: 829 vs 0 CORRECT: exp=65004 dout=65004
@842: 830 vs 0 CORRECT: exp=64981 dout=64981
@843: 831 vs 0 CORRECT: exp=64959 dout=64959
@844: 832 vs 0 CORRECT: exp=64938 dout=64938
@845: 833 vs 0 CORRECT: exp=64917 dout=64917
@846: 834 vs 0 CORRECT: exp=64898 dout=64898
@847: 835 vs 0 CORRECT: exp=64879 dout=64879
@848: 836 vs 0 CORRECT: exp=64861 dout=64861
@849: 837 vs 0 CORRECT: exp=64844 dout=64844
@850: 1 vs 837: WRONG: exp=64829 dout=64834
@851: 2 vs 837: WRONG: exp=64814 dout=64819
@852: 3 vs 837: WRONG: exp=64801 dout=64806
@853: 4 vs 837: WRONG: exp=64789 dout=64794
@854: 5 vs 837: WRONG: exp=64778 dout=64783
@855: 6 vs 837: WRONG: exp=64768 dout=64773
@856: 7 vs 837: WRONG: exp=64759 dout=64764
@857: 8 vs 837: WRONG: exp=64752 dout=64757
@858: 9 vs 837: WRONG: exp=64746 dout=64751
@859: 10 vs 837: WRONG: exp=64741 dout=64746
@860: 11 vs 837: WRONG: exp=64737 dout=64742
@861: 12 vs 837: WRONG: exp=64735 dout=64740
@862: 838 vs 12 CORRECT: exp=64734 dout=64734
@863: 839 vs 12 CORRECT: exp=64735 dout=64735
@864: 840 vs 12 CORRECT: exp=64736 dout=64736
@865: 841 vs 12 CORRECT: exp=64739 dout=64739
@866: 842 vs 12 CORRECT: exp=64744 dout=64744
@867: 843 vs 12 CORRECT: exp=64749 dout=64749
@868: 844 vs 12 CORRECT: exp=64756 dout=64756
@869: 845 vs 12 CORRECT: exp=64764 dout=64764
@870: 846 vs 12 CORRECT: exp=64773 dout=64773
@871: 847 vs 12 CORRECT: exp=64784 dout=64784
@872: 848 vs 12 CORRECT: exp=64796 dout=64796
@873: 849 vs 12 CORRECT: exp=64809 dout=64809
@874: 850 vs 12 CORRECT: exp=64823 dout=64823
@875: 851 vs 12 CORRECT: exp=64838 dout=64838
@876: 852 vs 12 CORRECT: exp=64854 dout=64854
@877: 853 vs 12 CORRECT: exp=64870 dout=64870
@878: 854 vs 12 CORRECT: exp=64888 dout=64888
@879: 855 vs 12 CORRECT: exp=64907 dout=64907
@880: 856 vs 12 CORRECT: exp=64926 dout=64926
@881: 857 vs 12 CORRECT: exp=64947 dout=64947
@882: 858 vs 12 CORRECT: exp=64968 dout=64968
@883: 859 vs 12 CORRECT: exp=64990 dout=64990
@884: 860 vs 12 CORRECT: exp=65012 dout=65012
@885: 861 vs 12 CORRECT: exp=65035 dout=65035
@886: 862 vs 12 CORRECT: exp=65059 dout=65059
@887: 863 vs 12 CORRECT: exp=65083 dout=65083
@888: 864 vs 12 CORRECT: exp=65108 dout=65108
@889: 865 vs 12 CORRECT: exp=65133 dout=65133
@890: 866 vs 12 CORRECT: exp=65158 dout=65158
@891: 867 vs 12 CORRECT: exp=65183 dout=65183
@892: 868 vs 12 CORRECT: exp=65208 dout=65208
@893: 869 vs 12 CORRECT: exp=65234 dout=65234
@894: 870 vs 12 CORRECT: exp=65259 dout=65259
@895: 871 vs 12 CORRECT: exp=65285 dout=65285
@896: 872 vs 12 CORRECT: exp=65310 dout=65310
@897: 873 vs 12 CORRECT: exp=65335 dout=65335
@898: 874 vs 12 CORRECT: exp=65360 dout=65360
@899: 875 vs 12 CORRECT: exp=65385 dout=65385
@900: 876 vs 12 CORRECT: exp=65409 dout=65409
@901: 877 vs 12 CORRECT: exp=65433 dout=65433
@902: 878 vs 12 CORRECT: exp=64307 dout=64307
@903: 879 vs 12 CORRECT: exp=60881 dout=60881
@904: 880 vs 12 CORRECT: exp=59178 dout=59178
@905: 881 vs 12 CORRECT: exp=44253 dout=44253
@906: 882 vs 12 CORRECT: exp=21279 dout=21279
@907: 883 vs 12 CORRECT: exp=6353 dout=6353
@908: 884 vs 12 CORRECT: exp=4649 dout=4649
@909: 885 vs 12 CORRECT: exp=1218 dout=1218
@910: 886 vs 12 CORRECT: exp=86 dout=86
@911: 887 vs 12 CORRECT: exp=103 dout=103
@912: 888 vs 12 CORRECT: exp=120 dout=120
@913: 889 vs 12 CORRECT: exp=135 dout=135
@914: 890 vs 12 CORRECT: exp=149 dout=149
@915: 891 vs 12 CORRECT: exp=162 dout=162
@916: 892 vs 12 CORRECT: exp=174 dout=174
@917: 893 vs 12 CORRECT: exp=185 dout=185
@918: 894 vs 12 CORRECT: exp=195 dout=195
@919: 895 vs 12 CORRECT: exp=204 dout=204
@920: 896 vs 12 CORRECT: exp=212 dout=212
@921: 897 vs 12 CORRECT: exp=219 dout=219
@922: 898 vs 12 CORRECT: exp=225 dout=225
@923: 899 vs 12 CORRECT: exp=229 dout=229
@924: 900 vs 12 CORRECT: exp=232 dout=232
@925: 901 vs 12 CORRECT: exp=234 dout=234
@926: 902 vs 12 CORRECT: exp=235 dout=235
@927: 903 vs 12 CORRECT: exp=235 dout=235
@928: 904 vs 12 CORRECT: exp=234 dout=234
@929: 905 vs 12 CORRECT: exp=232 dout=232
@930: 906 vs 12 CORRECT: exp=229 dout=229
@931: 907 vs 12 CORRECT: exp=224 dout=224
@932: 908 vs 12 CORRECT: exp=219 dout=219
@933: 909 vs 12 CORRECT: exp=212 dout=212
@934: 910 vs 12 CORRECT: exp=205 dout=205
@935: 911 vs 12 CORRECT: exp=196 dout=196
@936: 912 vs 12 CORRECT: exp=187 dout=187
@937: 913 vs 12 CORRECT: exp=177 dout=177
@938: 914 vs 12 CORRECT: exp=166 dout=166
@939: 915 vs 12 CORRECT: exp=154 dout=154
@940: 916 vs 12 CORRECT: exp=141 dout=141
@941: 917 vs 12 CORRECT: exp=128 dout=128
@942: 918 vs 12 CORRECT: exp=114 dout=114
@943: 919 vs 12 CORRECT: exp=99 dout=99
@944: 920 vs 12 CORRECT: exp=84 dout=84
@945: 921 vs 12 CORRECT: exp=68 dout=68
@946: 922 vs 12 CORRECT: exp=1202 dout=1202
@947: 923 vs 12 CORRECT: exp=4635 dout=4635
@948: 924 vs 12 CORRECT: exp=6343 dout=6343
@949: 925 vs 12 CORRECT: exp=21272 dout=21272
@950: 926 vs 12 CORRECT: exp=44250 dout=44250
@951: 927 vs 12 CORRECT: exp=59179 dout=59179
@952: 928 vs 12 CORRECT: exp=60886 dout=60886
@953: 929 vs 12 CORRECT: exp=64317 dout=64317
@954: 930 vs 12 CORRECT: exp=65449 dout=65449
@955: 931 vs 12 CORRECT: exp=65432 dout=65432
@956: 932 vs 12 CORRECT: exp=65414 dout=65414
@957: 933 vs 12 CORRECT: exp=65396 dout=65396
@958: 934 vs 12 CORRECT: exp=65379 dout=65379
@959: 935 vs 12 CORRECT: exp=65362 dout=65362
@960: 936 vs 12 CORRECT: exp=65346 dout=65346
@961: 937 vs 12 CORRECT: exp=65329 dout=65329
@962: 938 vs 12 CORRECT: exp=65313 dout=65313
@963: 939 vs 12 CORRECT: exp=65298 dout=65298
@964: 940 vs 12 CORRECT: exp=65283 dout=65283
@965: 941 vs 12 CORRECT: exp=65269 dout=65269
@966: 942 vs 12 CORRECT: exp=65255 dout=65255
