@7: 1 vs 0: WRONG: aluka tb.uart0  sig=tx_empty   exp=1 act=0
@8: 2 vs 0: WRONG: aluka tb.uart0  sig=txd   exp=0 act=1
@159: 3 vs 0: WRONG: aluka tb.uart0  sig=tx_empty   exp=0 act=1
@160: 4 vs 0: WRONG: aluka tb.uart0  sig=tx_empty   exp=0 act=1
@1367: 5 vs 0: WRONG: aluka tb.uart0  sig=txd   exp=1 act=0
@1670: 6 vs 0: WRONG: aluka tb.uart0  sig=txd   exp=0 act=1
@1820: 7 vs 0: WRONG: aluka tb.uart0  sig=tx_empty   exp=0 act=1
@1821: 8 vs 0: WRONG: aluka tb.uart0  sig=tx_empty   exp=0 act=1
@2123: 9 vs 0: WRONG: aluka tb.uart0  sig=txd   exp=1 act=0
@2274: 10 vs 0: WRONG: aluka tb.uart0  sig=txd   exp=1 act=0
@2576: 11 vs 0: WRONG: aluka tb.uart0  sig=txd   exp=0 act=1
@2727: 12 vs 0: WRONG: aluka tb.uart0  sig=txd   exp=0 act=1
@3029: 13 vs 0: WRONG: aluka tb.uart0  sig=txd   exp=1 act=0
@3059: 14 vs 0: WRONG: aluka tb.uart0  sig=rxdata   exp=198 act=0
@3059: 15 vs 0: WRONG: aluka tb.uart0  sig=rx_valid   exp=1 act=0
@3060: 16 vs 0: WRONG: aluka tb.uart0  sig=rxdata   exp=198 act=0
@3060: 17 vs 0: WRONG: aluka tb.uart0  sig=rx_valid   exp=1 act=0
@3061: 18 vs 0: WRONG: aluka tb.uart0  sig=rxdata   exp=198 act=0
@3061: 19 vs 0: WRONG: aluka tb.uart0  sig=rx_valid   exp=1 act=0
@3062: 20 vs 0: WRONG: aluka tb.uart0  sig=rxdata   exp=198 act=0
@3062: 21 vs 0: WRONG: aluka tb.uart0  sig=rx_valid   exp=1 act=0
@3063: 22 vs 0: WRONG: aluka tb.uart0  sig=rxdata   exp=198 act=0
@3063: 23 vs 0: WRONG: aluka tb.uart0  sig=rx_valid   exp=1 act=0
@3064: 24 vs 0: WRONG: aluka tb.uart0  sig=rxdata   exp=198 act=0
@3064: 25 vs 0: WRONG: aluka tb.uart0  sig=rx_valid   exp=1 act=0
@3065: 26 vs 0: WRONG: aluka tb.uart0  sig=rxdata   exp=198 act=0
@3065: 27 vs 0: WRONG: aluka tb.uart0  sig=rx_valid   exp=1 act=0
@3066: 28 vs 0: WRONG: aluka tb.uart0  sig=rxdata   exp=198 act=0
@3066: 29 vs 0: WRONG: aluka tb.uart0  sig=rx_valid   exp=1 act=0
@3067: 30 vs 0: WRONG: aluka tb.uart0  sig=rxdata   exp=198 act=0
@3067: 31 vs 0: WRONG: aluka tb.uart0  sig=rx_valid   exp=1 act=0
@3068: 32 vs 0: WRONG: aluka tb.uart0  sig=rxdata   exp=198 act=0
@3068: 33 vs 0: WRONG: aluka tb.uart0  sig=rx_valid   exp=1 act=0
@3069: 34 vs 0: WRONG: aluka tb.uart0  sig=rxdata   exp=198 act=0
@3069: 35 vs 0: WRONG: aluka tb.uart0  sig=rx_valid   exp=1 act=0
@3070: 36 vs 0: WRONG: aluka tb.uart0  sig=rxdata   exp=198 act=0
@3070: 37 vs 0: WRONG: aluka tb.uart0  sig=rx_valid   exp=1 act=0
@3071: 38 vs 0: WRONG: aluka tb.uart0  sig=rxdata   exp=198 act=0
@3071: 39 vs 0: WRONG: aluka tb.uart0  sig=rx_valid   exp=1 act=0
@3072: 40 vs 0: WRONG: aluka tb.uart0  sig=rxdata   exp=198 act=0
@3072: 41 vs 0: WRONG: aluka tb.uart0  sig=rx_valid   exp=1 act=0
@3073: 42 vs 0: WRONG: aluka tb.uart0  sig=rxdata   exp=198 act=0
@3073: 43 vs 0: WRONG: aluka tb.uart0  sig=rx_valid   exp=1 act=0
@3074: 44 vs 0: WRONG: aluka tb.uart0  sig=rxdata   exp=198 act=0
@3074: 45 vs 0: WRONG: aluka tb.uart0  sig=rx_valid   exp=1 act=0
@3075: 46 vs 0: WRONG: aluka tb.uart0  sig=rxdata   exp=198 act=0
@3075: 47 vs 0: WRONG: aluka tb.uart0  sig=rx_valid   exp=1 act=0
@3076: 48 vs 0: WRONG: aluka tb.uart0  sig=rxdata   exp=198 act=99
@3076: 1 vs 48 CORRECT: character arrived correctly (63)
@3077: 49 vs 1: WRONG: aluka tb.uart0  sig=rxdata   exp=198 act=99
@3077: 50 vs 1: WRONG: aluka tb.uart0  sig=rx_valid   exp=1 act=0
@3332: 51 vs 1: WRONG: aluka tb.uart0  sig=txd   exp=0 act=1
@3481: 52 vs 1: WRONG: aluka tb.uart0  sig=tx_empty   exp=0 act=1
@3482: 53 vs 1: WRONG: aluka tb.uart0  sig=tx_empty   exp=0 act=1
@3634: 54 vs 1: WRONG: aluka tb.uart0  sig=txd   exp=0 act=1
@3785: 55 vs 1: WRONG: aluka tb.uart0  sig=txd   exp=0 act=1
@3936: 56 vs 1: WRONG: aluka tb.uart0  sig=txd   exp=1 act=0
@4238: 57 vs 1: WRONG: aluka tb.uart0  sig=txd   exp=0 act=1
@4389: 58 vs 1: WRONG: aluka tb.uart0  sig=txd   exp=1 act=0
@4540: 59 vs 1: WRONG: aluka tb.uart0  sig=txd   exp=1 act=0
@4691: 60 vs 1: WRONG: aluka tb.uart0  sig=txd   exp=1 act=0
@4776: 61 vs 1: WRONG: aluka tb.uart0  sig=rxdata   exp=28 act=99
@4776: 62 vs 1: WRONG: aluka tb.uart0  sig=rx_valid   exp=1 act=0
@4777: 63 vs 1: WRONG: aluka tb.uart0  sig=rxdata   exp=28 act=99
@4777: 64 vs 1: WRONG: aluka tb.uart0  sig=rx_valid   exp=1 act=0
@4778: 65 vs 1: WRONG: aluka tb.uart0  sig=rxdata   exp=28 act=99
@4778: 66 vs 1: WRONG: aluka tb.uart0  sig=rx_valid   exp=1 act=0
@4779: 67 vs 1: WRONG: aluka tb.uart0  sig=rxdata   exp=28 act=99
@4779: 68 vs 1: WRONG: aluka tb.uart0  sig=rx_valid   exp=1 act=0
@4780: 69 vs 1: WRONG: aluka tb.uart0  sig=rxdata   exp=28 act=99
@4780: 70 vs 1: WRONG: aluka tb.uart0  sig=rx_valid   exp=1 act=0
@4781: 71 vs 1: WRONG: aluka tb.uart0  sig=rxdata   exp=28 act=99
@4781: 72 vs 1: WRONG: aluka tb.uart0  sig=rx_valid   exp=1 act=0
@4782: 73 vs 1: WRONG: aluka tb.uart0  sig=rxdata   exp=28 act=99
@4782: 74 vs 1: WRONG: aluka tb.uart0  sig=rx_valid   exp=1 act=0
@4783: 75 vs 1: WRONG: aluka tb.uart0  sig=rxdata   exp=28 act=99
@4783: 76 vs 1: WRONG: aluka tb.uart0  sig=rx_valid   exp=1 act=0
@4784: 77 vs 1: WRONG: aluka tb.uart0  sig=rxdata   exp=28 act=99
@4784: 78 vs 1: WRONG: aluka tb.uart0  sig=rx_valid   exp=1 act=0
@4785: 79 vs 1: WRONG: aluka tb.uart0  sig=rxdata   exp=28 act=99
@4785: 80 vs 1: WRONG: aluka tb.uart0  sig=rx_valid   exp=1 act=0
@4786: 81 vs 1: WRONG: aluka tb.uart0  sig=rxdata   exp=28 act=99
@4786: 82 vs 1: WRONG: aluka tb.uart0  sig=rx_valid   exp=1 act=0
@4787: 83 vs 1: WRONG: aluka tb.uart0  sig=rxdata   exp=28 act=99
@4787: 84 vs 1: WRONG: aluka tb.uart0  sig=rx_valid   exp=1 act=0
@4788: 85 vs 1: WRONG: aluka tb.uart0  sig=rxdata   exp=28 act=99
@4788: 86 vs 1: WRONG: aluka tb.uart0  sig=rx_valid   exp=1 act=0
@4789: 87 vs 1: WRONG: aluka tb.uart0  sig=rxdata   exp=28 act=99
@4789: 88 vs 1: WRONG: aluka tb.uart0  sig=rx_valid   exp=1 act=0
@4790: 89 vs 1: WRONG: aluka tb.uart0  sig=rxdata   exp=28 act=99
@4790: 90 vs 1: WRONG: aluka tb.uart0  sig=rx_valid   exp=1 act=0
@4791: 91 vs 1: WRONG: aluka tb.uart0  sig=rxdata   exp=28 act=99
@4791: 92 vs 1: WRONG: aluka tb.uart0  sig=rx_valid   exp=1 act=0
@4792: 93 vs 1: WRONG: aluka tb.uart0  sig=rxdata   exp=28 act=99
@4792: 94 vs 1: WRONG: aluka tb.uart0  sig=rx_valid   exp=1 act=0
@4793: 95 vs 1: WRONG: aluka tb.uart0  sig=rxdata   exp=28 act=56
@4793: 2 vs 95 CORRECT: character arrived correctly (38)
@4794: 96 vs 2: WRONG: aluka tb.uart0  sig=rxdata   exp=28 act=56
@4794: 97 vs 2: WRONG: aluka tb.uart0  sig=rx_valid   exp=1 act=0
@4994: 98 vs 2: WRONG: aluka tb.uart0  sig=txd   exp=0 act=1
@5142: 99 vs 2: WRONG: aluka tb.uart0  sig=tx_empty   exp=0 act=1
@5143: 100 vs 2: WRONG: aluka tb.uart0  sig=tx_empty   exp=0 act=1
@5143: info: max wrongs reached (100). bailing out.
